
---------------------------------------- 10.175.10.96 ----------------------------------------------------------

Welcome to VyOS
[ service ssh ]
Restarting OpenBSD Secure Shell server: sshd.

Saving configuration to '/config/config.boot'...
Done

-------------------------------------------------------------------------------------------------------


---------------------------------------- 10.164.129.195 ----------------------------------------------------------

Warning: Permanently added '10.164.129.195' (RSA) to the list of known hosts.
Welcome to VyOS
[ service ssh ]
Restarting OpenBSD Secure Shell server: sshd.

Saving configuration to '/config/config.boot'...
Done

-------------------------------------------------------------------------------------------------------


---------------------------------------- 10.164.129.228 ----------------------------------------------------------

Warning: Permanently added '10.164.129.228' (RSA) to the list of known hosts.
Welcome to VyOS
[ service ssh ]
Restarting OpenBSD Secure Shell server: sshd.

Saving configuration to '/config/config.boot'...
Done

-------------------------------------------------------------------------------------------------------


---------------------------------------- 10.164.129.243 ----------------------------------------------------------

Warning: Permanently added '10.164.129.243' (RSA) to the list of known hosts.
Welcome to VyOS
[ service ssh ]
Restarting OpenBSD Secure Shell server: sshd.

Saving configuration to '/config/config.boot'...
Done

-------------------------------------------------------------------------------------------------------


---------------------------------------- 10.164.129.229 ----------------------------------------------------------

Warning: Permanently added '10.164.129.229' (RSA) to the list of known hosts.
Welcome to VyOS
[ service ssh ]
Restarting OpenBSD Secure Shell server: sshd.

Saving configuration to '/config/config.boot'...
Done

-------------------------------------------------------------------------------------------------------


---------------------------------------- 10.113.6.200 ----------------------------------------------------------

Warning: Permanently added '10.113.6.200' (RSA) to the list of known hosts.
Welcome to VyOS
[ service ssh ]
Restarting OpenBSD Secure Shell server: sshd.

Saving configuration to '/config/config.boot'...
Done

-------------------------------------------------------------------------------------------------------


---------------------------------------- 10.113.6.192 ----------------------------------------------------------

Warning: Permanently added '10.113.6.192' (RSA) to the list of known hosts.
Welcome to VyOS
[ service ssh ]
Restarting OpenBSD Secure Shell server: sshd.

Saving configuration to '/config/config.boot'...
Done

-------------------------------------------------------------------------------------------------------


---------------------------------------- 10.113.6.190 ----------------------------------------------------------

Warning: Permanently added '10.113.6.190' (RSA) to the list of known hosts.
Welcome to VyOS
[ service ssh ]
Restarting OpenBSD Secure Shell server: sshd.

Saving configuration to '/config/config.boot'...
Done

-------------------------------------------------------------------------------------------------------


---------------------------------------- 10.113.6.196 ----------------------------------------------------------

Warning: Permanently added '10.113.6.196' (RSA) to the list of known hosts.
Welcome to VyOS
[ service ssh ]
Restarting OpenBSD Secure Shell server: sshd.

Saving configuration to '/config/config.boot'...
Done

-------------------------------------------------------------------------------------------------------


---------------------------------------- 10.155.93.164 ----------------------------------------------------------

Welcome to VyOS
[ service ssh ]
Restarting OpenBSD Secure Shell server: sshd.

Saving configuration to '/config/config.boot'...
Done

-------------------------------------------------------------------------------------------------------


---------------------------------------- 10.121.41.97 ----------------------------------------------------------

Welcome to VyOS
[ service ssh ]
Restarting OpenBSD Secure Shell server: sshd.

Saving configuration to '/config/config.boot'...
Done

-------------------------------------------------------------------------------------------------------


---------------------------------------- 10.155.93.235 ----------------------------------------------------------

Welcome to VyOS
[ service ssh ]
Restarting OpenBSD Secure Shell server: sshd.

Saving configuration to '/config/config.boot'...
Done

-------------------------------------------------------------------------------------------------------


---------------------------------------- 10.155.93.223 ----------------------------------------------------------

Welcome to VyOS
[ service ssh ]
Restarting OpenBSD Secure Shell server: sshd.

Saving configuration to '/config/config.boot'...
Done

-------------------------------------------------------------------------------------------------------


---------------------------------------- 10.155.93.243 ----------------------------------------------------------

Welcome to VyOS
[ service ssh ]
Restarting OpenBSD Secure Shell server: sshd.

Saving configuration to '/config/config.boot'...
Done

-------------------------------------------------------------------------------------------------------


---------------------------------------- 10.155.93.247 ----------------------------------------------------------

Welcome to VyOS
[ service ssh ]
Restarting OpenBSD Secure Shell server: sshd.

Saving configuration to '/config/config.boot'...
Done

-------------------------------------------------------------------------------------------------------


---------------------------------------- 10.155.93.241 ----------------------------------------------------------

Welcome to VyOS
[ service ssh ]
Restarting OpenBSD Secure Shell server: sshd.

Saving configuration to '/config/config.boot'...
Done

-------------------------------------------------------------------------------------------------------


---------------------------------------- 10.99.94.43 ----------------------------------------------------------

Welcome to VyOS
Permission denied, please try again.
Permission denied, please try again.
Permission denied (publickey,password).

ERROR - 10.99.94.43 ssh on port 22 failed!

-------------------------------------------------------------------------------------------------------


---------------------------------------- 10.99.94.113 ----------------------------------------------------------

Welcome to VyOS
Permission denied, please try again.
Permission denied, please try again.
Permission denied (publickey,password).

ERROR - 10.99.94.113 ssh on port 22 failed!

-------------------------------------------------------------------------------------------------------

