
---------------------------------------- 10.28.113.53 ----------------------------------------------------------

Thu Nov  2 20:48:22 CDT 2017
sla-p-a027-sasfw01-sea01.sdad.ibm.com

This is perl 5, version 16, subversion 3 (v5.16.3) built for x86_64-linux-thread-multi

-------------------------------------------------------------------------------------------------------


---------------------------------------- 10.121.41.100 ----------------------------------------------------------

**********************WARNING********************************
            This is a restricted server.
  Unauthorized access to this system is strictly prohibited.
If you do not have proper authorization, log out immediately.
*************************************************************

Thu Nov  2 20:47:29 CDT 2017
sla-p-na039-vyos-dal09.sdad.sl.ibm.com

This is perl 5, version 16, subversion 3 (v5.16.3) built for x86_64-linux-thread-multi

-------------------------------------------------------------------------------------------------------


---------------------------------------- 10.142.128.81 ----------------------------------------------------------

**********************WARNING********************************
            This is a restricted server.
  Unauthorized access to this system is strictly prohibited.
If you do not have proper authorization, log out immediately.
*************************************************************

Thu Nov  2 20:47:43 CDT 2017
sla-p-na004-vyos.dal09.sdad.sl.ibm.com

This is perl 5, version 16, subversion 3 (v5.16.3) built for x86_64-linux-thread-multi

-------------------------------------------------------------------------------------------------------


---------------------------------------- 10.70.150.214 ----------------------------------------------------------

**********************WARNING********************************
            This is a restricted server.
  Unauthorized access to this system is strictly prohibited.
If you do not have proper authorization, log out immediately.
*************************************************************
 
Thu Nov  2 20:47:25 CDT 2017
sla-p-emea035-vyos-ams01.sdad.sl.ibm.com

This is perl 5, version 16, subversion 3 (v5.16.3) built for x86_64-linux-thread-multi

-------------------------------------------------------------------------------------------------------


---------------------------------------- 10.113.45.206 ----------------------------------------------------------

**********************WARNING********************************
            This is a restricted server.
  Unauthorized access to this system is strictly prohibited.
If you do not have proper authorization, log out immediately.
*************************************************************

Thu Nov  2 20:47:27 CDT 2017
sla-p-emea006-vyos-lon02.sdad.sl.ibm.com

This is perl 5, version 16, subversion 3 (v5.16.3) built for x86_64-linux-thread-multi

-------------------------------------------------------------------------------------------------------


---------------------------------------- 10.142.128.66 ----------------------------------------------------------

**********************WARNING********************************
            This is a restricted server.
  Unauthorized access to this system is strictly prohibited.
If you do not have proper authorization, log out immediately.
*************************************************************

Thu Nov  2 20:47:47 CDT 2017
sla-p-na009-vyos-dal09.sdad.sl.ibm.com

This is perl 5, version 16, subversion 3 (v5.16.3) built for x86_64-linux-thread-multi

-------------------------------------------------------------------------------------------------------


---------------------------------------- 10.164.129.216 ----------------------------------------------------------

**********************WARNING********************************
            This is a restricted server.
  Unauthorized access to this system is strictly prohibited.
If you do not have proper authorization, log out immediately.
*************************************************************
 
Thu Nov  2 20:47:32 CDT 2017
sla-p-emea014-vyos-lon02.sdad.sl.ibm.com

This is perl 5, version 16, subversion 3 (v5.16.3) built for x86_64-linux-thread-multi

-------------------------------------------------------------------------------------------------------


---------------------------------------- 10.113.45.196 ----------------------------------------------------------

**********************WARNING********************************
            This is a restricted server.
  Unauthorized access to this system is strictly prohibited.
If you do not have proper authorization, log out immediately.
*************************************************************
 
Thu Nov  2 20:47:34 CDT 2017
sla-p-emea003-vyos-lon02.sdad.sl.ibm.com

This is perl 5, version 16, subversion 3 (v5.16.3) built for x86_64-linux-thread-multi

-------------------------------------------------------------------------------------------------------


---------------------------------------- 10.121.41.87 ----------------------------------------------------------

**********************WARNING********************************
            This is a restricted server.
  Unauthorized access to this system is strictly prohibited.
If you do not have proper authorization, log out immediately.
*************************************************************

Thu Nov  2 20:47:40 CDT 2017
sla-p-na017-vyos-dal09.sdad.sl.ibm.com

This is perl 5, version 16, subversion 3 (v5.16.3) built for x86_64-linux-thread-multi

-------------------------------------------------------------------------------------------------------


---------------------------------------- 10.99.94.43 ----------------------------------------------------------

**********************WARNING********************************
            This is a restricted server.
  Unauthorized access to this system is strictly prohibited.
If you do not have proper authorization, log out immediately.
*************************************************************

Thu Nov  2 20:48:06 CDT 2017
sla-p-na042-vyos-dal09.sdad.sl.ibm.com

This is perl 5, version 16, subversion 3 (v5.16.3) built for x86_64-linux-thread-multi

-------------------------------------------------------------------------------------------------------


---------------------------------------- 10.121.41.115 ----------------------------------------------------------

**********************WARNING********************************
            This is a restricted server.
  Unauthorized access to this system is strictly prohibited.
If you do not have proper authorization, log out immediately.
*************************************************************

Thu Nov  2 20:47:46 CDT 2017
sla-p-na018-vyos-dal09.sdad.sl.ibm.com

This is perl 5, version 16, subversion 3 (v5.16.3) built for x86_64-linux-thread-multi

-------------------------------------------------------------------------------------------------------


---------------------------------------- 10.155.93.192 ----------------------------------------------------------

**********************WARNING********************************
            This is a restricted server.
  Unauthorized access to this system is strictly prohibited.
If you do not have proper authorization, log out immediately.
*************************************************************

Thu Nov  2 20:47:53 CDT 2017
sla-p-na041-vyos-dal09.sdad.sl.ibm.com

This is perl 5, version 16, subversion 3 (v5.16.3) built for x86_64-linux-thread-multi

-------------------------------------------------------------------------------------------------------


---------------------------------------- 10.142.128.110 ----------------------------------------------------------

**********************WARNING********************************
            This is a restricted server.
  Unauthorized access to this system is strictly prohibited.
If you do not have proper authorization, log out immediately.
*************************************************************

Thu Nov  2 20:47:53 CDT 2017
sla-p-na008-vyos-dal09.sdad.sl.ibm.com

This is perl 5, version 16, subversion 3 (v5.16.3) built for x86_64-linux-thread-multi

-------------------------------------------------------------------------------------------------------


---------------------------------------- 10.142.128.126 ----------------------------------------------------------

**********************WARNING********************************
            This is a restricted server.
  Unauthorized access to this system is strictly prohibited.
If you do not have proper authorization, log out immediately.
*************************************************************

Thu Nov  2 20:47:51 CDT 2017
sla-p-na002-vyos.dal09.sdad.sl.ibm.com

This is perl 5, version 16, subversion 3 (v5.16.3) built for x86_64-linux-thread-multi

-------------------------------------------------------------------------------------------------------


---------------------------------------- 10.164.129.243 ----------------------------------------------------------

**********************WARNING********************************
            This is a restricted server.
  Unauthorized access to this system is strictly prohibited.
If you do not have proper authorization, log out immediately.
*************************************************************
 
Thu Nov  2 20:47:42 CDT 2017
sla-p-emea022-vyos-lon02.sdad.sl.ibm.com

This is perl 5, version 16, subversion 3 (v5.16.3) built for x86_64-linux-thread-multi

-------------------------------------------------------------------------------------------------------


---------------------------------------- 10.113.6.200 ----------------------------------------------------------

**********************WARNING********************************
            This is a restricted server.
  Unauthorized access to this system is strictly prohibited.
If you do not have proper authorization, log out immediately.
*************************************************************
 
Thu Nov  2 20:47:44 CDT 2017
sla-p-emea025-vyos-lon02.sdad.sl.ibm.com

This is perl 5, version 16, subversion 3 (v5.16.3) built for x86_64-linux-thread-multi

-------------------------------------------------------------------------------------------------------


---------------------------------------- 10.70.150.235 ----------------------------------------------------------

**********************WARNING********************************
            This is a restricted server.
  Unauthorized access to this system is strictly prohibited.
If you do not have proper authorization, log out immediately.
*************************************************************
 
Thu Nov  2 20:47:45 CDT 2017
sla-p-emea031-vyos-ams01.sdad.sl.ibm.com

This is perl 5, version 16, subversion 3 (v5.16.3) built for x86_64-linux-thread-multi

-------------------------------------------------------------------------------------------------------


---------------------------------------- 10.113.45.234 ----------------------------------------------------------

**********************WARNING********************************
            This is a restricted server.
  Unauthorized access to this system is strictly prohibited.
If you do not have proper authorization, log out immediately.
*************************************************************
 
Thu Nov  2 20:47:47 CDT 2017
sla-p-emea001-vyos.lon02.sdad.sl.ibm.com

This is perl 5, version 16, subversion 3 (v5.16.3) built for x86_64-linux-thread-multi

-------------------------------------------------------------------------------------------------------


---------------------------------------- 10.164.129.228 ----------------------------------------------------------

**********************WARNING********************************
            This is a restricted server.
  Unauthorized access to this system is strictly prohibited.
If you do not have proper authorization, log out immediately.
*************************************************************
 
Thu Nov  2 20:47:49 CDT 2017
sla-p-emea021-vyos-lon02.sdad.sl.ibm.com

This is perl 5, version 16, subversion 3 (v5.16.3) built for x86_64-linux-thread-multi

-------------------------------------------------------------------------------------------------------


---------------------------------------- 10.142.128.124 ----------------------------------------------------------

**********************WARNING********************************
            This is a restricted server.
  Unauthorized access to this system is strictly prohibited.
If you do not have proper authorization, log out immediately.
*************************************************************

Thu Nov  2 20:48:04 CDT 2017
sla-p-na003-vyos.dal09.sdad.sl.ibm.com

This is perl 5, version 16, subversion 3 (v5.16.3) built for x86_64-linux-thread-multi

-------------------------------------------------------------------------------------------------------


---------------------------------------- 10.117.181.145 ----------------------------------------------------------

**********************WARNING********************************
            This is a restricted server.
  Unauthorized access to this system is strictly prohibited.
If you do not have proper authorization, log out immediately.
*************************************************************

Thu Nov  2 20:47:52 CDT 2017
sla-p-ap002-vyos-sng01.sdad.sl.ibm.com

This is perl 5, version 16, subversion 3 (v5.16.3) built for x86_64-linux-thread-multi

-------------------------------------------------------------------------------------------------------


---------------------------------------- 10.164.129.207 ----------------------------------------------------------

**********************WARNING********************************
            This is a restricted server.
  Unauthorized access to this system is strictly prohibited.
If you do not have proper authorization, log out immediately.
*************************************************************

Thu Nov  2 20:47:54 CDT 2017
sla-p-emea017-vyos-lon02.sdad.sl.ibm.com

This is perl 5, version 16, subversion 3 (v5.16.3) built for x86_64-linux-thread-multi

-------------------------------------------------------------------------------------------------------


---------------------------------------- 10.155.93.168 ----------------------------------------------------------

**********************WARNING********************************
            This is a restricted server.
  Unauthorized access to this system is strictly prohibited.
If you do not have proper authorization, log out immediately.
*************************************************************

Thu Nov  2 20:48:13 CDT 2017
sla-p-na037-vyos-dal09.sdad.sl.ibm.com

This is perl 5, version 16, subversion 3 (v5.16.3) built for x86_64-linux-thread-multi

-------------------------------------------------------------------------------------------------------


---------------------------------------- 10.117.181.144 ----------------------------------------------------------

**********************WARNING********************************
            This is a restricted server.
  Unauthorized access to this system is strictly prohibited.
If you do not have proper authorization, log out immediately.
*************************************************************

Thu Nov  2 20:47:58 CDT 2017
sla-p-ap005-vyos-sng01.sdad.sl.ibm.com

This is perl 5, version 16, subversion 3 (v5.16.3) built for x86_64-linux-thread-multi

-------------------------------------------------------------------------------------------------------


---------------------------------------- 10.178.78.236 ----------------------------------------------------------

**********************WARNING********************************
            This is a restricted server.
  Unauthorized access to this system is strictly prohibited.
If you do not have proper authorization, log out immediately.
*************************************************************

Thu Nov  2 20:48:01 CDT 2017
sla-p-ap003-vyos-seo01.sdad.sl.ibm.com

This is perl 5, version 16, subversion 3 (v5.16.3) built for x86_64-linux-thread-multi

-------------------------------------------------------------------------------------------------------


---------------------------------------- 10.155.93.197 ----------------------------------------------------------

**********************WARNING********************************
            This is a restricted server.
  Unauthorized access to this system is strictly prohibited.
If you do not have proper authorization, log out immediately.
*************************************************************

Thu Nov  2 20:48:03 CDT 2017
sla-p-na038-vyos-dal09.sdad.sl.ibm.com

This is perl 5, version 16, subversion 3 (v5.16.3) built for x86_64-linux-thread-multi

-------------------------------------------------------------------------------------------------------


---------------------------------------- 10.142.128.83 ----------------------------------------------------------

**********************WARNING********************************
            This is a restricted server.
  Unauthorized access to this system is strictly prohibited.
If you do not have proper authorization, log out immediately.
*************************************************************

Thu Nov  2 20:48:14 CDT 2017
sla-p-na001-vyos.dal09.sdad.sl.ibm.com

This is perl 5, version 16, subversion 3 (v5.16.3) built for x86_64-linux-thread-multi

-------------------------------------------------------------------------------------------------------


---------------------------------------- 10.70.150.194 ----------------------------------------------------------

**********************WARNING********************************
            This is a restricted server.
  Unauthorized access to this system is strictly prohibited.
If you do not have proper authorization, log out immediately.
*************************************************************

Thu Nov  2 20:48:07 CDT 2017
sla-p-emea034-vyos-ams01.sdad.sl.ibm.com

This is perl 5, version 16, subversion 3 (v5.16.3) built for x86_64-linux-thread-multi

-------------------------------------------------------------------------------------------------------


---------------------------------------- 10.142.128.72 ----------------------------------------------------------

**********************WARNING********************************
            This is a restricted server.
  Unauthorized access to this system is strictly prohibited.
If you do not have proper authorization, log out immediately.
*************************************************************

Thu Nov  2 20:48:14 CDT 2017
sla-p-na005-vyos.dal09.sdad.sl.ibm.com

This is perl 5, version 16, subversion 3 (v5.16.3) built for x86_64-linux-thread-multi

-------------------------------------------------------------------------------------------------------


---------------------------------------- 10.113.45.213 ----------------------------------------------------------

**********************WARNING********************************
            This is a restricted server.
  Unauthorized access to this system is strictly prohibited.
If you do not have proper authorization, log out immediately.
*************************************************************

Thu Nov  2 20:48:10 CDT 2017
sla-p-emea005-vyos-lon02.sdad.sl.ibm.com

This is perl 5, version 16, subversion 3 (v5.16.3) built for x86_64-linux-thread-multi

-------------------------------------------------------------------------------------------------------


---------------------------------------- 10.121.41.92 ----------------------------------------------------------

**********************WARNING********************************
            This is a restricted server.
  Unauthorized access to this system is strictly prohibited.
If you do not have proper authorization, log out immediately.
*************************************************************

Thu Nov  2 20:48:28 CDT 2017
sla-p-na014-vyos-dal09.sdad.sl.ibm.com

This is perl 5, version 16, subversion 3 (v5.16.3) built for x86_64-linux-thread-multi

-------------------------------------------------------------------------------------------------------


---------------------------------------- 10.99.94.113 ----------------------------------------------------------

**********************WARNING********************************
            This is a restricted server.
  Unauthorized access to this system is strictly prohibited.
If you do not have proper authorization, log out immediately.
*************************************************************

Thu Nov  2 20:48:30 CDT 2017
sla-p-na043-vyos-dal09.sdad.sl.ibm.com

This is perl 5, version 16, subversion 3 (v5.16.3) built for x86_64-linux-thread-multi

-------------------------------------------------------------------------------------------------------


---------------------------------------- 10.155.93.235 ----------------------------------------------------------

**********************WARNING********************************
            This is a restricted server.
  Unauthorized access to this system is strictly prohibited.
If you do not have proper authorization, log out immediately.
*************************************************************

Thu Nov  2 20:48:39 CDT 2017
sla-p-na031-vyos-dal09.sdad.sl.ibm.com

This is perl 5, version 16, subversion 3 (v5.16.3) built for x86_64-linux-thread-multi

-------------------------------------------------------------------------------------------------------


---------------------------------------- 10.164.129.195 ----------------------------------------------------------

**********************WARNING********************************
            This is a restricted server.
  Unauthorized access to this system is strictly prohibited.
If you do not have proper authorization, log out immediately.
*************************************************************

Thu Nov  2 20:48:19 CDT 2017
sla-p-emea020-vyos-lon02.sdad.sl.ibm.com

This is perl 5, version 16, subversion 3 (v5.16.3) built for x86_64-linux-thread-multi

-------------------------------------------------------------------------------------------------------


---------------------------------------- 10.113.45.252 ----------------------------------------------------------

@@@@@@@@@@@@@@@@@@@@@@@@@@@@@@@@@@@@@@@@@@@@@@@@@@@@@@@@@@@
@    WARNING: REMOTE HOST IDENTIFICATION HAS CHANGED!     @
@@@@@@@@@@@@@@@@@@@@@@@@@@@@@@@@@@@@@@@@@@@@@@@@@@@@@@@@@@@
IT IS POSSIBLE THAT SOMEONE IS DOING SOMETHING NASTY!
Someone could be eavesdropping on you right now (man-in-the-middle attack)!
It is also possible that a host key has just been changed.
The fingerprint for the RSA key sent by the remote host is
SHA256:5WQGChEKdpLx2T3ph6/07utJz+ZwFxnhXfT9Ut/QJOA.
Please contact your system administrator.
Add correct host key in /home/sasauto/.ssh/known_hosts to get rid of this message.
Offending RSA key in /home/sasauto/.ssh/known_hosts:541
Password authentication is disabled to avoid man-in-the-middle attacks.
Keyboard-interactive authentication is disabled to avoid man-in-the-middle attacks.
**********************WARNING********************************
            This is a restricted server.
  Unauthorized access to this system is strictly prohibited.
If you do not have proper authorization, log out immediately.
*************************************************************
 
Thu Nov  2 20:48:21 CDT 2017
sla-p-emea002-vyos-lon02.sdad.sl.ibm.com

This is perl 5, version 16, subversion 3 (v5.16.3) built for x86_64-linux-thread-multi

-------------------------------------------------------------------------------------------------------


---------------------------------------- 10.121.41.71 ----------------------------------------------------------

*************************************************************************
**  IBM internal systems must only be used for conducting IBM business **
**  or for purposes authorized by IBM management.                      **
**  Use is subject to audit at any time by IBM management.             **
**  You should be aware that it may be a criminal offence to gain      **
**  unauthorized access to any program or data in this system or       **
**  to make unauthorized changes to the contents.                      **
**  If you are not authorized by IBM management to access this system, **
**  please logout now!                                                 **
*************************************************************************

Fri Nov  3 01:48:21 UTC 2017
sla-p-na016-vyos-dal09

This is perl, v5.10.1 (*) built for x86_64-linux-gnu-thread-multi

-------------------------------------------------------------------------------------------------------


---------------------------------------- 10.142.128.91 ----------------------------------------------------------

**********************WARNING********************************
            This is a restricted server.
  Unauthorized access to this system is strictly prohibited.
If you do not have proper authorization, log out immediately.
*************************************************************

Thu Nov  2 20:48:31 CDT 2017
sla-p-na006-vyos.dal09.sdad.sl.ibm.com

This is perl 5, version 16, subversion 3 (v5.16.3) built for x86_64-linux-thread-multi

-------------------------------------------------------------------------------------------------------


---------------------------------------- 10.121.41.107 ----------------------------------------------------------

*************************************************************************
**  IBM internal systems must only be used for conducting IBM business **
**  or for purposes authorized by IBM management.                      **
**  Use is subject to audit at any time by IBM management.             **
**  You should be aware that it may be a criminal offence to gain      **
**  unauthorized access to any program or data in this system or       **
**  to make unauthorized changes to the contents.                      **
**  If you are not authorized by IBM management to access this system, **
**  please logout now!                                                 **
*************************************************************************

Fri Nov  3 01:48:23 UTC 2017
sla-p-na013-vyos-dal09

This is perl, v5.10.1 (*) built for x86_64-linux-gnu-thread-multi

-------------------------------------------------------------------------------------------------------


---------------------------------------- 10.28.113.23 ----------------------------------------------------------

**********************WARNING********************************
            This is a restricted server.
  Unauthorized access to this system is strictly prohibited.
If you do not have proper authorization, log out immediately.
*************************************************************
 
Thu Nov  2 20:48:31 CDT 2017
aas-p-b001-vyos1-sea01.sdad.ibm.com

This is perl 5, version 16, subversion 3 (v5.16.3) built for x86_64-linux-thread-multi

-------------------------------------------------------------------------------------------------------


---------------------------------------- 10.113.45.228 ----------------------------------------------------------

*************************************************************************
**  IBM internal systems must only be used for conducting IBM business **
**  or for purposes authorized by IBM management.                      **
**  Use is subject to audit at any time by IBM management.             **
**  You should be aware that it may be a criminal offence to gain      **
**  unauthorized access to any program or data in this system or       **
**  to make unauthorized changes to the contents.                      **
**  If you are not authorized by IBM management to access this system, **
**  please logout now!                                                 **
*************************************************************************

Fri Nov  3 01:48:25 UTC 2017
sla-p-emea004-vyos-lon02

This is perl, v5.10.1 (*) built for x86_64-linux-gnu-thread-multi

-------------------------------------------------------------------------------------------------------


---------------------------------------- 10.113.6.173 ----------------------------------------------------------

*************************************************************************
**  IBM internal systems must only be used for conducting IBM business **
**  or for purposes authorized by IBM management.                      **
**  Use is subject to audit at any time by IBM management.             **
**  You should be aware that it may be a criminal offence to gain      **
**  unauthorized access to any program or data in this system or       **
**  to make unauthorized changes to the contents.                      **
**  If you are not authorized by IBM management to access this system, **
**  please logout now!                                                 **
*************************************************************************

Fri Nov  3 01:48:27 UTC 2017
sla-p-emea044-vyos-lon02

This is perl, v5.10.1 (*) built for x86_64-linux-gnu-thread-multi

-------------------------------------------------------------------------------------------------------

