
---------------------------------------- 10.142.128.81 ----------------------------------------------------------

**********************WARNING********************************
            This is a restricted server.
  Unauthorized access to this system is strictly prohibited.
If you do not have proper authorization, log out immediately.
*************************************************************

Fri Nov  3 14:38:08 CDT 2017
sla-p-na004-vyos.dal09.sdad.sl.ibm.com
* * * * * /sasg/bin/start_tlsmon.sh &>/dev/null
# Chef Name: cc-chef-client
0 0 * * * /bin/sleep 5854 ; /opt/IBM/cobalt/etc/chef/run_chef_client.sh -c /opt/IBM/cobalt/etc/chef/client.rb   -o recipe[cc_helpers],role[cc_policy_enforcer] --node-name `/usr/bin/cat /opt/IBM/cobalt/etc/chef/fqdn` > /dev/null 2>&1
*/5 * * * * /sasg/MRTG/scripts/generic.pl >/dev/null 2>/dev/null

This is perl 5, version 16, subversion 3 (v5.16.3) built for x86_64-linux-thread-multi
total 32
drwxr-xr-x. 8 root root 4096 Nov  2 21:10 .
drwxr-xr-x. 6 root root 4096 Nov  2 21:08 ..
drwxr-xr-x. 2 root root 4096 Sep 21 13:01 bin
drwxr-xr-x. 2 root root 4096 Nov  3 14:35 conf
drwxr-xr-x. 3 root root 4096 Sep 15 17:00 include
drwxr-xr-x. 4 root root 4096 Sep 21 13:06 lib
-rw-r--r--. 1 root root    0 Nov  3 14:35 lock
drwxr-xr-x. 2 root root 4096 Sep 21 14:20 scripts
drwxr-xr-x. 2 root root 4096 Nov  3 14:35 stats

-------------------------------------------------------------------------------------------------------


---------------------------------------- 10.70.150.214 ----------------------------------------------------------

**********************WARNING********************************
            This is a restricted server.
  Unauthorized access to this system is strictly prohibited.
If you do not have proper authorization, log out immediately.
*************************************************************
 
Fri Nov  3 14:37:48 CDT 2017
sla-p-emea035-vyos-ams01.sdad.sl.ibm.com
* * * * * /sasg/bin/start_tlsmon.sh &>/dev/null
*/5 * * * * /sasg/MRTG/scripts/generic.pl >/dev/null 2>/dev/null

This is perl 5, version 16, subversion 3 (v5.16.3) built for x86_64-linux-thread-multi
total 32
drwxr-xr-x. 8 root root 4096 Nov  2 21:20 .
drwxr-xr-x. 6 root root 4096 Nov  2 21:08 ..
drwxr-xr-x. 2 root root 4096 Sep 21 13:01 bin
drwxr-xr-x. 2 root root 4096 Nov  3 14:35 conf
drwxr-xr-x. 3 root root 4096 Sep 15 17:00 include
drwxr-xr-x. 4 root root 4096 Sep 21 13:06 lib
-rw-r--r--. 1 root root    0 Nov  3 14:35 lock
drwxr-xr-x. 2 root root 4096 Sep 21 14:20 scripts
drwxr-xr-x. 2 root root 4096 Nov  3 14:35 stats

-------------------------------------------------------------------------------------------------------


---------------------------------------- 10.113.45.206 ----------------------------------------------------------

**********************WARNING********************************
            This is a restricted server.
  Unauthorized access to this system is strictly prohibited.
If you do not have proper authorization, log out immediately.
*************************************************************

Fri Nov  3 14:37:50 CDT 2017
sla-p-emea006-vyos-lon02.sdad.sl.ibm.com
* * * * * /sasg/bin/start_tlsmon.sh &>/dev/null
# Chef Name: cc-chef-client
0 0 * * * /bin/sleep 1183 ; /opt/IBM/cobalt/etc/chef/run_chef_client.sh -c /opt/IBM/cobalt/etc/chef/client.rb   -o recipe[cc_helpers],role[cc_policy_enforcer] --node-name `/usr/bin/cat /opt/IBM/cobalt/etc/chef/fqdn` > /dev/null 2>&1
*/5 * * * * /sasg/MRTG/scripts/generic.pl >/dev/null 2>/dev/null

This is perl 5, version 16, subversion 3 (v5.16.3) built for x86_64-linux-thread-multi
ls: cannot open directory /sasg/MRTG: Permission denied

-------------------------------------------------------------------------------------------------------


---------------------------------------- 10.142.128.66 ----------------------------------------------------------

**********************WARNING********************************
            This is a restricted server.
  Unauthorized access to this system is strictly prohibited.
If you do not have proper authorization, log out immediately.
*************************************************************

Fri Nov  3 14:38:08 CDT 2017
sla-p-na009-vyos-dal09.sdad.sl.ibm.com
* * * * * /sasg/bin/start_tlsmon.sh &>/dev/null
# Chef Name: cc-chef-client
0 0 * * * /bin/sleep 4480 ; /opt/IBM/cobalt/etc/chef/run_chef_client.sh -c /opt/IBM/cobalt/etc/chef/client.rb   -o recipe[cc_helpers],role[cc_policy_enforcer] --node-name `/usr/bin/cat /opt/IBM/cobalt/etc/chef/fqdn` > /dev/null 2>&1
*/5 * * * * /sasg/MRTG/scripts/generic.pl >/dev/null 2>/dev/null

This is perl 5, version 16, subversion 3 (v5.16.3) built for x86_64-linux-thread-multi
total 32
drwxr-xr-x. 8 root root 4096 Nov  2 21:10 .
drwxr-xr-x. 6 root root 4096 Nov  2 21:08 ..
drwxr-xr-x. 2 root root 4096 Sep 21 13:01 bin
drwxr-xr-x. 2 root root 4096 Nov  3 14:35 conf
drwxr-xr-x. 3 root root 4096 Sep 15 17:00 include
drwxr-xr-x. 4 root root 4096 Sep 21 13:06 lib
-rw-r--r--. 1 root root    0 Nov  3 14:35 lock
drwxr-xr-x. 2 root root 4096 Sep 21 14:20 scripts
drwxr-xr-x. 2 root root 4096 Nov  3 14:35 stats

-------------------------------------------------------------------------------------------------------


---------------------------------------- 10.164.129.216 ----------------------------------------------------------

**********************WARNING********************************
            This is a restricted server.
  Unauthorized access to this system is strictly prohibited.
If you do not have proper authorization, log out immediately.
*************************************************************
 
Fri Nov  3 14:37:52 CDT 2017
sla-p-emea014-vyos-lon02.sdad.sl.ibm.com
* * * * * /sasg/bin/start_tlsmon.sh &>/dev/null
*/5 * * * * /sasg/MRTG/scripts/generic.pl >/dev/null 2>/dev/null

This is perl 5, version 16, subversion 3 (v5.16.3) built for x86_64-linux-thread-multi
total 32
drwxr-xr-x. 8 root root 4096 Nov  2 21:10 .
drwxr-xr-x. 6 root root 4096 Nov  2 21:08 ..
drwxr-xr-x. 2 root root 4096 Sep 21 13:01 bin
drwxr-xr-x. 2 root root 4096 Nov  3 14:35 conf
drwxr-xr-x. 3 root root 4096 Sep 15 17:00 include
drwxr-xr-x. 4 root root 4096 Sep 21 13:06 lib
-rw-r--r--. 1 root root    0 Nov  3 14:35 lock
drwxr-xr-x. 2 root root 4096 Sep 21 14:20 scripts
drwxr-xr-x. 2 root root 4096 Nov  3 14:35 stats

-------------------------------------------------------------------------------------------------------


---------------------------------------- 10.113.45.196 ----------------------------------------------------------

**********************WARNING********************************
            This is a restricted server.
  Unauthorized access to this system is strictly prohibited.
If you do not have proper authorization, log out immediately.
*************************************************************
 
Fri Nov  3 14:37:53 CDT 2017
sla-p-emea003-vyos-lon02.sdad.sl.ibm.com
* * * * * /sasg/bin/start_tlsmon.sh &>/dev/null
*/5 * * * * /sasg/MRTG/scripts/generic.pl >/dev/null 2>/dev/null

This is perl 5, version 16, subversion 3 (v5.16.3) built for x86_64-linux-thread-multi
total 32
drwxr-xr-x. 8 root root 4096 Nov  2 21:10 .
drwxr-xr-x. 6 root root 4096 Nov  2 21:08 ..
drwxr-xr-x. 2 root root 4096 Sep 21 13:01 bin
drwxr-xr-x. 2 root root 4096 Nov  3 14:35 conf
drwxr-xr-x. 3 root root 4096 Sep 15 17:00 include
drwxr-xr-x. 4 root root 4096 Sep 21 13:06 lib
-rw-r--r--. 1 root root    0 Nov  3 14:35 lock
drwxr-xr-x. 2 root root 4096 Sep 21 14:20 scripts
drwxr-xr-x. 2 root root 4096 Nov  3 14:35 stats

-------------------------------------------------------------------------------------------------------


---------------------------------------- 10.121.41.87 ----------------------------------------------------------

**********************WARNING********************************
            This is a restricted server.
  Unauthorized access to this system is strictly prohibited.
If you do not have proper authorization, log out immediately.
*************************************************************

Fri Nov  3 14:38:00 CDT 2017
sla-p-na017-vyos-dal09.sdad.sl.ibm.com
* * * * * /sasg/bin/start_tlsmon.sh &>/dev/null
# Chef Name: cc-chef-client
0 0 * * * /bin/sleep 719 ; /opt/IBM/cobalt/etc/chef/run_chef_client.sh -c /opt/IBM/cobalt/etc/chef/client.rb   -o recipe[cc_helpers],role[cc_policy_enforcer] --node-name `/usr/bin/cat /opt/IBM/cobalt/etc/chef/fqdn` > /dev/null 2>&1
*/5 * * * * /sasg/MRTG/scripts/generic.pl >/dev/null 2>/dev/null

This is perl 5, version 16, subversion 3 (v5.16.3) built for x86_64-linux-thread-multi
total 32
drwxr-xr-x. 8 root root 4096 Nov  2 21:10 .
drwxr-xr-x. 6 root root 4096 Nov  2 21:08 ..
drwxr-xr-x. 2 root root 4096 Sep 21 13:01 bin
drwxr-xr-x. 2 root root 4096 Nov  3 14:35 conf
drwxr-xr-x. 3 root root 4096 Sep 15 17:00 include
drwxr-xr-x. 4 root root 4096 Sep 21 13:06 lib
-rw-r--r--. 1 root root    0 Nov  3 14:35 lock
drwxr-xr-x. 2 root root 4096 Sep 21 14:20 scripts
drwxr-xr-x. 2 root root 4096 Nov  3 14:35 stats

-------------------------------------------------------------------------------------------------------


---------------------------------------- 10.99.94.43 ----------------------------------------------------------

**********************WARNING********************************
            This is a restricted server.
  Unauthorized access to this system is strictly prohibited.
If you do not have proper authorization, log out immediately.
*************************************************************

Fri Nov  3 14:38:26 CDT 2017
sla-p-na042-vyos-dal09.sdad.sl.ibm.com
* * * * * /sasg/bin/start_tlsmon.sh &>/dev/null
# Chef Name: cc-chef-client
0 0 * * * /bin/sleep 4177 ; /opt/IBM/cobalt/etc/chef/run_chef_client.sh -c /opt/IBM/cobalt/etc/chef/client.rb   -o recipe[cc_helpers],role[cc_policy_enforcer] --node-name `/usr/bin/cat /opt/IBM/cobalt/etc/chef/fqdn` > /dev/null 2>&1
*/5 * * * * /sasg/MRTG/scripts/generic.pl >/dev/null 2>/dev/null

This is perl 5, version 16, subversion 3 (v5.16.3) built for x86_64-linux-thread-multi
total 32
drwxr-xr-x. 8 root root 4096 Nov  2 21:10 .
drwxr-xr-x. 6 root root 4096 Nov  2 21:09 ..
drwxr-xr-x. 2 root root 4096 Sep 21 13:01 bin
drwxr-xr-x. 2 root root 4096 Nov  3 14:35 conf
drwxr-xr-x. 3 root root 4096 Sep 15 17:00 include
drwxr-xr-x. 4 root root 4096 Sep 21 13:06 lib
-rw-r--r--. 1 root root    0 Nov  3 14:35 lock
drwxr-xr-x. 2 root root 4096 Sep 21 14:20 scripts
drwxr-xr-x. 2 root root 4096 Nov  3 14:35 stats

-------------------------------------------------------------------------------------------------------


---------------------------------------- 10.121.41.115 ----------------------------------------------------------

**********************WARNING********************************
            This is a restricted server.
  Unauthorized access to this system is strictly prohibited.
If you do not have proper authorization, log out immediately.
*************************************************************

Fri Nov  3 14:38:05 CDT 2017
sla-p-na018-vyos-dal09.sdad.sl.ibm.com
* * * * * /sasg/bin/start_tlsmon.sh &>/dev/null
# Chef Name: cc-chef-client
0 0 * * * /bin/sleep 1148 ; /opt/IBM/cobalt/etc/chef/run_chef_client.sh -c /opt/IBM/cobalt/etc/chef/client.rb   -o recipe[cc_helpers],role[cc_policy_enforcer] --node-name `/usr/bin/cat /opt/IBM/cobalt/etc/chef/fqdn` > /dev/null 2>&1
*/5 * * * * /sasg/MRTG/scripts/generic.pl >/dev/null 2>/dev/null

This is perl 5, version 16, subversion 3 (v5.16.3) built for x86_64-linux-thread-multi
total 32
drwxr-xr-x. 8 root root 4096 Nov  2 21:10 .
drwxr-xr-x. 6 root root 4096 Nov  2 21:08 ..
drwxr-xr-x. 2 root root 4096 Sep 21 13:01 bin
drwxr-xr-x. 2 root root 4096 Nov  3 14:35 conf
drwxr-xr-x. 3 root root 4096 Sep 15 17:00 include
drwxr-xr-x. 4 root root 4096 Sep 21 13:06 lib
-rw-r--r--. 1 root root    0 Nov  3 14:35 lock
drwxr-xr-x. 2 root root 4096 Sep 21 14:20 scripts
drwxr-xr-x. 2 root root 4096 Nov  3 14:35 stats

-------------------------------------------------------------------------------------------------------


---------------------------------------- 10.155.93.192 ----------------------------------------------------------

**********************WARNING********************************
            This is a restricted server.
  Unauthorized access to this system is strictly prohibited.
If you do not have proper authorization, log out immediately.
*************************************************************

Fri Nov  3 14:38:13 CDT 2017
sla-p-na041-vyos-dal09.sdad.sl.ibm.com
* * * * * /sasg/bin/start_tlsmon.sh &>/dev/null
# Chef Name: cc-chef-client
0 0 * * * /bin/sleep 2266 ; /opt/IBM/cobalt/etc/chef/run_chef_client.sh -c /opt/IBM/cobalt/etc/chef/client.rb   -o recipe[cc_helpers],role[cc_policy_enforcer] --node-name `/usr/bin/cat /opt/IBM/cobalt/etc/chef/fqdn` > /dev/null 2>&1
*/5 * * * * /sasg/MRTG/scripts/generic.pl >/dev/null 2>/dev/null

This is perl 5, version 16, subversion 3 (v5.16.3) built for x86_64-linux-thread-multi
total 32
drwxr-xr-x. 8 root root 4096 Nov  2 21:10 .
drwxr-xr-x. 6 root root 4096 Nov  2 21:08 ..
drwxr-xr-x. 2 root root 4096 Sep 21 13:01 bin
drwxr-xr-x. 2 root root 4096 Nov  3 14:35 conf
drwxr-xr-x. 3 root root 4096 Sep 15 17:00 include
drwxr-xr-x. 4 root root 4096 Sep 21 13:06 lib
-rw-r--r--. 1 root root    0 Nov  3 14:35 lock
drwxr-xr-x. 2 root root 4096 Sep 21 14:20 scripts
drwxr-xr-x. 2 root root 4096 Nov  3 14:35 stats

-------------------------------------------------------------------------------------------------------


---------------------------------------- 10.142.128.110 ----------------------------------------------------------

**********************WARNING********************************
            This is a restricted server.
  Unauthorized access to this system is strictly prohibited.
If you do not have proper authorization, log out immediately.
*************************************************************

Fri Nov  3 14:38:11 CDT 2017
sla-p-na008-vyos-dal09.sdad.sl.ibm.com
* * * * * /sasg/bin/start_tlsmon.sh &>/dev/null
# Chef Name: cc-chef-client
0 0 * * * /bin/sleep 718 ; /opt/IBM/cobalt/etc/chef/run_chef_client.sh -c /opt/IBM/cobalt/etc/chef/client.rb   -o recipe[cc_helpers],role[cc_policy_enforcer] --node-name `/usr/bin/cat /opt/IBM/cobalt/etc/chef/fqdn` > /dev/null 2>&1
*/5 * * * * /sasg/MRTG/scripts/generic.pl >/dev/null 2>/dev/null

This is perl 5, version 16, subversion 3 (v5.16.3) built for x86_64-linux-thread-multi
total 32
drwxr-xr-x. 8 root root 4096 Nov  2 21:10 .
drwxr-xr-x. 6 root root 4096 Nov  2 21:08 ..
drwxr-xr-x. 2 root root 4096 Sep 21 13:01 bin
drwxr-xr-x. 2 root root 4096 Nov  3 14:35 conf
drwxr-xr-x. 3 root root 4096 Sep 15 17:00 include
drwxr-xr-x. 4 root root 4096 Sep 21 13:06 lib
-rw-r--r--. 1 root root    0 Nov  3 14:35 lock
drwxr-xr-x. 2 root root 4096 Sep 21 14:20 scripts
drwxr-xr-x. 2 root root 4096 Nov  3 14:35 stats

-------------------------------------------------------------------------------------------------------


---------------------------------------- 10.142.128.126 ----------------------------------------------------------

**********************WARNING********************************
            This is a restricted server.
  Unauthorized access to this system is strictly prohibited.
If you do not have proper authorization, log out immediately.
*************************************************************

Fri Nov  3 14:37:58 CDT 2017
sla-p-na002-vyos.dal09.sdad.sl.ibm.com
* * * * * /sasg/bin/start_tlsmon.sh &>/dev/null
# Chef Name: cc-chef-client
0 0 * * * /bin/sleep 4980 ; /opt/IBM/cobalt/etc/chef/run_chef_client.sh -c /opt/IBM/cobalt/etc/chef/client.rb   -o recipe[cc_helpers],role[cc_policy_enforcer] --node-name `/usr/bin/cat /opt/IBM/cobalt/etc/chef/fqdn` > /dev/null 2>&1
*/5 * * * * /sasg/MRTG/scripts/generic.pl >/dev/null 2>/dev/null

This is perl 5, version 16, subversion 3 (v5.16.3) built for x86_64-linux-thread-multi
total 32
drwxr-xr-x. 8 root root 4096 Nov  2 21:10 .
drwxr-xr-x. 6 root root 4096 Nov  2 21:08 ..
drwxr-xr-x. 2 root root 4096 Sep 21 13:01 bin
drwxr-xr-x. 2 root root 4096 Nov  3 14:35 conf
drwxr-xr-x. 3 root root 4096 Sep 15 17:00 include
drwxr-xr-x. 4 root root 4096 Sep 21 13:06 lib
-rw-r--r--. 1 root root    0 Nov  3 14:35 lock
drwxr-xr-x. 2 root root 4096 Sep 21 14:20 scripts
drwxr-xr-x. 2 root root 4096 Nov  3 14:35 stats

-------------------------------------------------------------------------------------------------------


---------------------------------------- 10.164.129.243 ----------------------------------------------------------

**********************WARNING********************************
            This is a restricted server.
  Unauthorized access to this system is strictly prohibited.
If you do not have proper authorization, log out immediately.
*************************************************************
 
Fri Nov  3 14:37:59 CDT 2017
sla-p-emea022-vyos-lon02.sdad.sl.ibm.com
* * * * * /sasg/bin/start_tlsmon.sh &>/dev/null
*/5 * * * * /sasg/MRTG/scripts/generic.pl >/dev/null 2>/dev/null

This is perl 5, version 16, subversion 3 (v5.16.3) built for x86_64-linux-thread-multi
total 32
drwxr-xr-x. 8 root root 4096 Nov  2 21:10 .
drwxr-xr-x. 6 root root 4096 Nov  2 21:08 ..
drwxr-xr-x. 2 root root 4096 Sep 21 13:01 bin
drwxr-xr-x. 2 root root 4096 Nov  3 14:35 conf
drwxr-xr-x. 3 root root 4096 Sep 15 17:00 include
drwxr-xr-x. 4 root root 4096 Sep 21 13:06 lib
-rw-r--r--. 1 root root    0 Nov  3 14:35 lock
drwxr-xr-x. 2 root root 4096 Sep 21 14:20 scripts
drwxr-xr-x. 2 root root 4096 Nov  3 14:35 stats

-------------------------------------------------------------------------------------------------------


---------------------------------------- 10.113.6.200 ----------------------------------------------------------

**********************WARNING********************************
            This is a restricted server.
  Unauthorized access to this system is strictly prohibited.
If you do not have proper authorization, log out immediately.
*************************************************************
 
Fri Nov  3 14:38:01 CDT 2017
sla-p-emea025-vyos-lon02.sdad.sl.ibm.com
* * * * * /sasg/bin/start_tlsmon.sh &>/dev/null
*/5 * * * * /sasg/MRTG/scripts/generic.pl >/dev/null 2>/dev/null

This is perl 5, version 16, subversion 3 (v5.16.3) built for x86_64-linux-thread-multi
total 32
drwxr-xr-x. 8 root root 4096 Nov  2 21:10 .
drwxr-xr-x. 6 root root 4096 Nov  2 21:08 ..
drwxr-xr-x. 2 root root 4096 Sep 21 13:01 bin
drwxr-xr-x. 2 root root 4096 Nov  3 14:35 conf
drwxr-xr-x. 3 root root 4096 Sep 15 17:00 include
drwxr-xr-x. 4 root root 4096 Sep 21 13:06 lib
-rw-r--r--. 1 root root    0 Nov  3 14:35 lock
drwxr-xr-x. 2 root root 4096 Sep 21 14:20 scripts
drwxr-xr-x. 2 root root 4096 Nov  3 14:35 stats

-------------------------------------------------------------------------------------------------------


---------------------------------------- 10.70.150.235 ----------------------------------------------------------

**********************WARNING********************************
            This is a restricted server.
  Unauthorized access to this system is strictly prohibited.
If you do not have proper authorization, log out immediately.
*************************************************************
 
Fri Nov  3 14:38:02 CDT 2017
sla-p-emea031-vyos-ams01.sdad.sl.ibm.com
* * * * * /sasg/bin/start_tlsmon.sh &>/dev/null
*/5 * * * * /sasg/MRTG/scripts/generic.pl >/dev/null 2>/dev/null

This is perl 5, version 16, subversion 3 (v5.16.3) built for x86_64-linux-thread-multi
total 32
drwxr-xr-x. 8 root root 4096 Nov  2 21:10 .
drwxr-xr-x. 6 root root 4096 Nov  2 21:08 ..
drwxr-xr-x. 2 root root 4096 Sep 21 13:01 bin
drwxr-xr-x. 2 root root 4096 Nov  3 14:35 conf
drwxr-xr-x. 3 root root 4096 Sep 15 17:00 include
drwxr-xr-x. 4 root root 4096 Sep 21 13:06 lib
-rw-r--r--. 1 root root    0 Nov  3 14:35 lock
drwxr-xr-x. 2 root root 4096 Sep 21 14:20 scripts
drwxr-xr-x. 2 root root 4096 Nov  3 14:35 stats

-------------------------------------------------------------------------------------------------------


---------------------------------------- 10.113.45.234 ----------------------------------------------------------

**********************WARNING********************************
            This is a restricted server.
  Unauthorized access to this system is strictly prohibited.
If you do not have proper authorization, log out immediately.
*************************************************************
 
Fri Nov  3 14:38:03 CDT 2017
sla-p-emea001-vyos.lon02.sdad.sl.ibm.com
* * * * * /sasg/bin/start_tlsmon.sh &>/dev/null
*/5 * * * * /sasg/MRTG/scripts/generic.pl >/dev/null 2>/dev/null

This is perl 5, version 16, subversion 3 (v5.16.3) built for x86_64-linux-thread-multi
total 32
drwxr-xr-x. 8 root root 4096 Nov  2 21:10 .
drwxr-xr-x. 6 root root 4096 Nov  2 21:08 ..
drwxr-xr-x. 2 root root 4096 Sep 21 13:01 bin
drwxr-xr-x. 2 root root 4096 Nov  3 14:35 conf
drwxr-xr-x. 3 root root 4096 Sep 15 17:00 include
drwxr-xr-x. 4 root root 4096 Sep 21 13:06 lib
-rw-r--r--. 1 root root    0 Nov  3 14:35 lock
drwxr-xr-x. 2 root root 4096 Sep 21 14:20 scripts
drwxr-xr-x. 2 root root 4096 Nov  3 14:35 stats

-------------------------------------------------------------------------------------------------------


---------------------------------------- 10.164.129.228 ----------------------------------------------------------

**********************WARNING********************************
            This is a restricted server.
  Unauthorized access to this system is strictly prohibited.
If you do not have proper authorization, log out immediately.
*************************************************************
 
Fri Nov  3 14:38:06 CDT 2017
sla-p-emea021-vyos-lon02.sdad.sl.ibm.com
* * * * * /sasg/bin/start_tlsmon.sh &>/dev/null
*/5 * * * * /sasg/MRTG/scripts/generic.pl >/dev/null 2>/dev/null

This is perl 5, version 16, subversion 3 (v5.16.3) built for x86_64-linux-thread-multi
total 32
drwxr-xr-x. 8 root root 4096 Nov  2 21:10 .
drwxr-xr-x. 6 root root 4096 Nov  2 21:08 ..
drwxr-xr-x. 2 root root 4096 Sep 21 13:01 bin
drwxr-xr-x. 2 root root 4096 Nov  3 14:35 conf
drwxr-xr-x. 3 root root 4096 Sep 15 17:00 include
drwxr-xr-x. 4 root root 4096 Sep 21 13:06 lib
-rw-r--r--. 1 root root    0 Nov  3 14:35 lock
drwxr-xr-x. 2 root root 4096 Sep 21 14:20 scripts
drwxr-xr-x. 2 root root 4096 Nov  3 14:35 stats

-------------------------------------------------------------------------------------------------------


---------------------------------------- 10.142.128.124 ----------------------------------------------------------

**********************WARNING********************************
            This is a restricted server.
  Unauthorized access to this system is strictly prohibited.
If you do not have proper authorization, log out immediately.
*************************************************************

Fri Nov  3 14:38:05 CDT 2017
sla-p-na003-vyos.dal09.sdad.sl.ibm.com
* * * * * /sasg/bin/start_tlsmon.sh &>/dev/null
# Chef Name: cc-chef-client
0 0 * * * /bin/sleep 2168 ; /opt/IBM/cobalt/etc/chef/run_chef_client.sh -c /opt/IBM/cobalt/etc/chef/client.rb   -o recipe[cc_helpers],role[cc_policy_enforcer] --node-name `/usr/bin/cat /opt/IBM/cobalt/etc/chef/fqdn` > /dev/null 2>&1
*/5 * * * * /sasg/MRTG/scripts/generic.pl >/dev/null 2>/dev/null

This is perl 5, version 16, subversion 3 (v5.16.3) built for x86_64-linux-thread-multi
total 32
drwxr-xr-x. 8 root root 4096 Nov  2 21:10 .
drwxrwxr-x. 6 root root 4096 Nov  2 21:09 ..
drwxr-xr-x. 2 root root 4096 Sep 21 13:01 bin
drwxr-xr-x. 2 root root 4096 Nov  3 14:35 conf
drwxr-xr-x. 3 root root 4096 Sep 15 17:00 include
drwxr-xr-x. 4 root root 4096 Sep 21 13:06 lib
-rw-r--r--. 1 root root    0 Nov  3 14:35 lock
drwxr-xr-x. 2 root root 4096 Sep 21 14:20 scripts
drwxr-xr-x. 2 root root 4096 Nov  3 14:35 stats

-------------------------------------------------------------------------------------------------------


---------------------------------------- 10.117.181.145 ----------------------------------------------------------

**********************WARNING********************************
            This is a restricted server.
  Unauthorized access to this system is strictly prohibited.
If you do not have proper authorization, log out immediately.
*************************************************************

Fri Nov  3 14:38:08 CDT 2017
sla-p-ap002-vyos-sng01.sdad.sl.ibm.com
* * * * * /sasg/bin/start_tlsmon.sh &>/dev/null
# Chef Name: cc-chef-client
0 0 * * * /bin/sleep 595 ; /opt/IBM/cobalt/etc/chef/run_chef_client.sh -c /opt/IBM/cobalt/etc/chef/client.rb   -o recipe[cc_helpers],role[cc_policy_enforcer] --node-name `/usr/bin/cat /opt/IBM/cobalt/etc/chef/fqdn` > /dev/null 2>&1
*/5 * * * * /sasg/MRTG/scripts/generic.pl >/dev/null 2>/dev/null

This is perl 5, version 16, subversion 3 (v5.16.3) built for x86_64-linux-thread-multi
ls: cannot open directory /sasg/MRTG: Permission denied

-------------------------------------------------------------------------------------------------------


---------------------------------------- 10.164.129.207 ----------------------------------------------------------

**********************WARNING********************************
            This is a restricted server.
  Unauthorized access to this system is strictly prohibited.
If you do not have proper authorization, log out immediately.
*************************************************************

Fri Nov  3 14:38:10 CDT 2017
sla-p-emea017-vyos-lon02.sdad.sl.ibm.com
* * * * * /sasg/bin/start_tlsmon.sh &>/dev/null
*/5 * * * * /sasg/MRTG/scripts/generic.pl >/dev/null 2>/dev/null

This is perl 5, version 16, subversion 3 (v5.16.3) built for x86_64-linux-thread-multi
total 32
drwxr-xr-x. 8 root root 4096 Nov  2 21:10 .
drwxr-xr-x. 6 root root 4096 Nov  2 21:08 ..
drwxr-xr-x. 2 root root 4096 Sep 21 13:01 bin
drwxr-xr-x. 2 root root 4096 Nov  3 14:35 conf
drwxr-xr-x. 3 root root 4096 Sep 15 17:00 include
drwxr-xr-x. 4 root root 4096 Sep 21 13:06 lib
-rw-r--r--. 1 root root    0 Nov  3 14:35 lock
drwxr-xr-x. 2 root root 4096 Sep 21 14:20 scripts
drwxr-xr-x. 2 root root 4096 Nov  3 14:35 stats

-------------------------------------------------------------------------------------------------------


---------------------------------------- 10.155.93.168 ----------------------------------------------------------

**********************WARNING********************************
            This is a restricted server.
  Unauthorized access to this system is strictly prohibited.
If you do not have proper authorization, log out immediately.
*************************************************************

Fri Nov  3 14:38:30 CDT 2017
sla-p-na037-vyos-dal09.sdad.sl.ibm.com
* * * * * /sasg/bin/start_tlsmon.sh &>/dev/null
# Chef Name: cc-chef-client
0 0 * * * /bin/sleep 3306 ; /opt/IBM/cobalt/etc/chef/run_chef_client.sh -c /opt/IBM/cobalt/etc/chef/client.rb   -o recipe[cc_helpers],role[cc_policy_enforcer] --node-name `/usr/bin/cat /opt/IBM/cobalt/etc/chef/fqdn` > /dev/null 2>&1
*/5 * * * * /sasg/MRTG/scripts/generic.pl >/dev/null 2>/dev/null

This is perl 5, version 16, subversion 3 (v5.16.3) built for x86_64-linux-thread-multi
total 32
drwxr-xr-x. 8 root root 4096 Nov  2 21:10 .
drwxr-xr-x. 6 root root 4096 Nov  2 21:09 ..
drwxr-xr-x. 2 root root 4096 Sep 21 13:01 bin
drwxr-xr-x. 2 root root 4096 Nov  3 14:35 conf
drwxr-xr-x. 3 root root 4096 Sep 15 17:00 include
drwxr-xr-x. 4 root root 4096 Sep 21 13:06 lib
-rw-r--r--. 1 root root    0 Nov  3 14:35 lock
drwxr-xr-x. 2 root root 4096 Sep 21 14:20 scripts
drwxr-xr-x. 2 root root 4096 Nov  3 14:35 stats

-------------------------------------------------------------------------------------------------------


---------------------------------------- 10.117.181.144 ----------------------------------------------------------

**********************WARNING********************************
            This is a restricted server.
  Unauthorized access to this system is strictly prohibited.
If you do not have proper authorization, log out immediately.
*************************************************************

Fri Nov  3 14:38:13 CDT 2017
sla-p-ap005-vyos-sng01.sdad.sl.ibm.com
* * * * * /sasg/bin/start_tlsmon.sh &>/dev/null
# Chef Name: cc-chef-client
0 0 * * * /bin/sleep 4329 ; /opt/IBM/cobalt/etc/chef/run_chef_client.sh -c /opt/IBM/cobalt/etc/chef/client.rb   -o recipe[cc_helpers],role[cc_policy_enforcer] --node-name `/usr/bin/cat /opt/IBM/cobalt/etc/chef/fqdn` > /dev/null 2>&1
*/5 * * * * /sasg/MRTG/scripts/generic.pl >/dev/null 2>/dev/null

This is perl 5, version 16, subversion 3 (v5.16.3) built for x86_64-linux-thread-multi
ls: cannot open directory /sasg/MRTG: Permission denied

-------------------------------------------------------------------------------------------------------


---------------------------------------- 10.178.78.236 ----------------------------------------------------------

**********************WARNING********************************
            This is a restricted server.
  Unauthorized access to this system is strictly prohibited.
If you do not have proper authorization, log out immediately.
*************************************************************

Fri Nov  3 14:38:16 CDT 2017
sla-p-ap003-vyos-seo01.sdad.sl.ibm.com
* * * * * /sasg/bin/start_tlsmon.sh &>/dev/null
# Chef Name: cc-chef-client
0 0 * * * /bin/sleep 5625 ; /opt/IBM/cobalt/etc/chef/run_chef_client.sh -c /opt/IBM/cobalt/etc/chef/client.rb   -o recipe[cc_helpers],role[cc_policy_enforcer] --node-name `/usr/bin/cat /opt/IBM/cobalt/etc/chef/fqdn` > /dev/null 2>&1
*/5 * * * * /sasg/MRTG/scripts/generic.pl >/dev/null 2>/dev/null

This is perl 5, version 16, subversion 3 (v5.16.3) built for x86_64-linux-thread-multi
ls: cannot open directory /sasg/MRTG: Permission denied

-------------------------------------------------------------------------------------------------------


---------------------------------------- 10.155.93.197 ----------------------------------------------------------

**********************WARNING********************************
            This is a restricted server.
  Unauthorized access to this system is strictly prohibited.
If you do not have proper authorization, log out immediately.
*************************************************************

Fri Nov  3 14:38:17 CDT 2017
sla-p-na038-vyos-dal09.sdad.sl.ibm.com
* * * * * /sasg/bin/start_tlsmon.sh &>/dev/null
# Chef Name: cc-chef-client
0 0 * * * /bin/sleep 5818 ; /opt/IBM/cobalt/etc/chef/run_chef_client.sh -c /opt/IBM/cobalt/etc/chef/client.rb   -o recipe[cc_helpers],role[cc_policy_enforcer] --node-name `/usr/bin/cat /opt/IBM/cobalt/etc/chef/fqdn` > /dev/null 2>&1
*/5 * * * * /sasg/MRTG/scripts/generic.pl >/dev/null 2>/dev/null

This is perl 5, version 16, subversion 3 (v5.16.3) built for x86_64-linux-thread-multi
ls: cannot open directory /sasg/MRTG: Permission denied

-------------------------------------------------------------------------------------------------------


---------------------------------------- 10.142.128.83 ----------------------------------------------------------

**********************WARNING********************************
            This is a restricted server.
  Unauthorized access to this system is strictly prohibited.
If you do not have proper authorization, log out immediately.
*************************************************************

Fri Nov  3 14:38:26 CDT 2017
sla-p-na001-vyos.dal09.sdad.sl.ibm.com
* * * * * /sasg/bin/start_tlsmon.sh &>/dev/null
# Chef Name: cc-chef-client
0 0 * * * /bin/sleep 500 ; /opt/IBM/cobalt/etc/chef/run_chef_client.sh -c /opt/IBM/cobalt/etc/chef/client.rb   -o recipe[cc_helpers],role[cc_policy_enforcer] --node-name `/usr/bin/cat /opt/IBM/cobalt/etc/chef/fqdn` > /dev/null 2>&1
*/5 * * * * /sasg/MRTG/scripts/generic.pl >/dev/null 2>/dev/null

This is perl 5, version 16, subversion 3 (v5.16.3) built for x86_64-linux-thread-multi
ls: cannot open directory /sasg/MRTG: Permission denied

-------------------------------------------------------------------------------------------------------


---------------------------------------- 10.70.150.194 ----------------------------------------------------------

**********************WARNING********************************
            This is a restricted server.
  Unauthorized access to this system is strictly prohibited.
If you do not have proper authorization, log out immediately.
*************************************************************

Fri Nov  3 14:38:19 CDT 2017
sla-p-emea034-vyos-ams01.sdad.sl.ibm.com
* * * * * /sasg/bin/start_tlsmon.sh &>/dev/null
*/5 * * * * /sasg/MRTG/scripts/generic.pl >/dev/null 2>/dev/null

This is perl 5, version 16, subversion 3 (v5.16.3) built for x86_64-linux-thread-multi
total 32
drwxr-xr-x. 8 root root 4096 Nov  2 21:10 .
drwxr-xr-x. 6 root root 4096 Nov  2 21:09 ..
drwxr-xr-x. 2 root root 4096 Sep 21 13:01 bin
drwxr-xr-x. 2 root root 4096 Nov  3 14:35 conf
drwxr-xr-x. 3 root root 4096 Sep 15 17:00 include
drwxr-xr-x. 4 root root 4096 Sep 21 13:06 lib
-rw-r--r--. 1 root root    0 Nov  3 14:35 lock
drwxr-xr-x. 2 root root 4096 Sep 21 14:20 scripts
drwxr-xr-x. 2 root root 4096 Nov  3 14:35 stats

-------------------------------------------------------------------------------------------------------


---------------------------------------- 10.142.128.72 ----------------------------------------------------------

**********************WARNING********************************
            This is a restricted server.
  Unauthorized access to this system is strictly prohibited.
If you do not have proper authorization, log out immediately.
*************************************************************

Fri Nov  3 14:38:26 CDT 2017
sla-p-na005-vyos.dal09.sdad.sl.ibm.com
* * * * * /sasg/bin/start_tlsmon.sh &>/dev/null
*/5 * * * * /sasg/MRTG/scripts/generic.pl >/dev/null 2>/dev/null

This is perl 5, version 16, subversion 3 (v5.16.3) built for x86_64-linux-thread-multi
total 32
drwxr-xr-x. 8 root root 4096 Nov  2 21:25 .
drwxr-xr-x. 6 root root 4096 Nov  2 21:09 ..
drwxr-xr-x. 2 root root 4096 Sep 21 13:01 bin
drwxr-xr-x. 2 root root 4096 Nov  3 14:35 conf
drwxr-xr-x. 3 root root 4096 Sep 15 17:00 include
drwxr-xr-x. 4 root root 4096 Sep 21 13:06 lib
-rw-r--r--. 1 root root    0 Nov  3 14:35 lock
drwxr-xr-x. 2 root root 4096 Sep 21 14:20 scripts
drwxr-xr-x. 2 root root 4096 Nov  3 14:35 stats

-------------------------------------------------------------------------------------------------------


---------------------------------------- 10.113.45.213 ----------------------------------------------------------

**********************WARNING********************************
            This is a restricted server.
  Unauthorized access to this system is strictly prohibited.
If you do not have proper authorization, log out immediately.
*************************************************************

Fri Nov  3 14:38:21 CDT 2017
sla-p-emea005-vyos-lon02.sdad.sl.ibm.com
* * * * * /sasg/bin/start_tlsmon.sh &>/dev/null
*/5 * * * * /sasg/MRTG/scripts/generic.pl >/dev/null 2>/dev/null

This is perl 5, version 16, subversion 3 (v5.16.3) built for x86_64-linux-thread-multi
total 32
drwxr-xr-x. 8 root root 4096 Nov  2 21:25 .
drwxr-xr-x. 6 root root 4096 Nov  2 21:09 ..
drwxr-xr-x. 2 root root 4096 Sep 21 13:01 bin
drwxr-xr-x. 2 root root 4096 Nov  3 14:35 conf
drwxr-xr-x. 3 root root 4096 Sep 15 17:00 include
drwxr-xr-x. 4 root root 4096 Sep 21 13:06 lib
-rw-r--r--. 1 root root    0 Nov  3 14:35 lock
drwxr-xr-x. 2 root root 4096 Sep 21 14:20 scripts
drwxr-xr-x. 2 root root 4096 Nov  3 14:35 stats

-------------------------------------------------------------------------------------------------------


---------------------------------------- 10.121.41.92 ----------------------------------------------------------

**********************WARNING********************************
            This is a restricted server.
  Unauthorized access to this system is strictly prohibited.
If you do not have proper authorization, log out immediately.
*************************************************************

Fri Nov  3 14:38:22 CDT 2017
sla-p-na014-vyos-dal09.sdad.sl.ibm.com
* * * * * /sasg/bin/start_tlsmon.sh &>/dev/null
# Chef Name: cc-chef-client
0 0 * * * /bin/sleep 3281 ; /opt/IBM/cobalt/etc/chef/run_chef_client.sh -c /opt/IBM/cobalt/etc/chef/client.rb   -o recipe[cc_helpers],role[cc_policy_enforcer] --node-name `/usr/bin/cat /opt/IBM/cobalt/etc/chef/fqdn` > /dev/null 2>&1
*/5 * * * * /sasg/MRTG/scripts/generic.pl >/dev/null 2>/dev/null

This is perl 5, version 16, subversion 3 (v5.16.3) built for x86_64-linux-thread-multi
total 32
drwxr-xr-x. 8 root root 4096 Nov  2 21:10 .
drwxr-xr-x. 6 root root 4096 Nov  2 21:09 ..
drwxr-xr-x. 2 root root 4096 Sep 21 13:01 bin
drwxr-xr-x. 2 root root 4096 Nov  3 14:35 conf
drwxr-xr-x. 3 root root 4096 Sep 15 17:00 include
drwxr-xr-x. 4 root root 4096 Sep 21 13:06 lib
-rw-r--r--. 1 root root    0 Nov  3 14:35 lock
drwxr-xr-x. 2 root root 4096 Sep 21 14:20 scripts
drwxr-xr-x. 2 root root 4096 Nov  3 14:35 stats

-------------------------------------------------------------------------------------------------------


---------------------------------------- 10.99.94.113 ----------------------------------------------------------

**********************WARNING********************************
            This is a restricted server.
  Unauthorized access to this system is strictly prohibited.
If you do not have proper authorization, log out immediately.
*************************************************************

Fri Nov  3 14:38:37 CDT 2017
sla-p-na043-vyos-dal09.sdad.sl.ibm.com
* * * * * /sasg/bin/start_tlsmon.sh &>/dev/null
# Chef Name: cc-chef-client
0 0 * * * /bin/sleep 6140 ; /opt/IBM/cobalt/etc/chef/run_chef_client.sh -c /opt/IBM/cobalt/etc/chef/client.rb   -o recipe[cc_helpers],role[cc_policy_enforcer] --node-name `/usr/bin/cat /opt/IBM/cobalt/etc/chef/fqdn` > /dev/null 2>&1
*/5 * * * * /sasg/MRTG/scripts/generic.pl >/dev/null 2>/dev/null

This is perl 5, version 16, subversion 3 (v5.16.3) built for x86_64-linux-thread-multi
total 32
drwxr-xr-x. 8 root root 4096 Nov  2 21:10 .
drwxr-xr-x. 6 root root 4096 Nov  2 21:09 ..
drwxr-xr-x. 2 root root 4096 Sep 21 13:01 bin
drwxr-xr-x. 2 root root 4096 Nov  3 14:35 conf
drwxr-xr-x. 3 root root 4096 Sep 15 17:00 include
drwxr-xr-x. 4 root root 4096 Sep 21 13:06 lib
-rw-r--r--. 1 root root    0 Nov  3 14:35 lock
drwxr-xr-x. 2 root root 4096 Sep 21 14:20 scripts
drwxr-xr-x. 2 root root 4096 Nov  3 14:35 stats

-------------------------------------------------------------------------------------------------------


---------------------------------------- 10.155.93.235 ----------------------------------------------------------

**********************WARNING********************************
            This is a restricted server.
  Unauthorized access to this system is strictly prohibited.
If you do not have proper authorization, log out immediately.
*************************************************************

Fri Nov  3 14:38:47 CDT 2017
sla-p-na031-vyos-dal09.sdad.sl.ibm.com
* * * * * /sasg/bin/start_tlsmon.sh &>/dev/null
# Chef Name: cc-chef-client
0 0 * * * /bin/sleep 3851 ; /opt/IBM/cobalt/etc/chef/run_chef_client.sh -c /opt/IBM/cobalt/etc/chef/client.rb   -o recipe[cc_helpers],role[cc_policy_enforcer] --node-name `/usr/bin/cat /opt/IBM/cobalt/etc/chef/fqdn` > /dev/null 2>&1
*/5 * * * * /sasg/MRTG/scripts/generic.pl >/dev/null 2>/dev/null

This is perl 5, version 16, subversion 3 (v5.16.3) built for x86_64-linux-thread-multi
ls: cannot open directory /sasg/MRTG: Permission denied

-------------------------------------------------------------------------------------------------------


---------------------------------------- 10.164.129.195 ----------------------------------------------------------

**********************WARNING********************************
            This is a restricted server.
  Unauthorized access to this system is strictly prohibited.
If you do not have proper authorization, log out immediately.
*************************************************************

Fri Nov  3 14:38:25 CDT 2017
sla-p-emea020-vyos-lon02.sdad.sl.ibm.com
* * * * * /sasg/bin/start_tlsmon.sh &>/dev/null
*/5 * * * * /sasg/MRTG/scripts/generic.pl >/dev/null 2>/dev/null

This is perl 5, version 16, subversion 3 (v5.16.3) built for x86_64-linux-thread-multi
total 32
drwxr-xr-x. 8 root root 4096 Nov  2 21:10 .
drwxr-xr-x. 6 root root 4096 Nov  2 21:09 ..
drwxr-xr-x. 2 root root 4096 Sep 21 13:01 bin
drwxr-xr-x. 2 root root 4096 Nov  3 14:35 conf
drwxr-xr-x. 3 root root 4096 Sep 15 17:00 include
drwxr-xr-x. 4 root root 4096 Sep 21 13:06 lib
-rw-r--r--. 1 root root    0 Nov  3 14:35 lock
drwxr-xr-x. 2 root root 4096 Sep 21 14:20 scripts
drwxr-xr-x. 2 root root 4096 Nov  3 14:35 stats

-------------------------------------------------------------------------------------------------------


---------------------------------------- 10.113.45.252 ----------------------------------------------------------

**********************WARNING********************************
            This is a restricted server.
  Unauthorized access to this system is strictly prohibited.
If you do not have proper authorization, log out immediately.
*************************************************************
 
Fri Nov  3 14:38:27 CDT 2017
sla-p-emea002-vyos-lon02.sdad.sl.ibm.com
* * * * * . /root/.bash_profile;/sasg/bin/start_tlsmon.sh &>/dev/null
*/5 * * * * /sasg/MRTG/scripts/generic.pl >/dev/null 2>/dev/null

This is perl 5, version 16, subversion 3 (v5.16.3) built for x86_64-linux-thread-multi
total 32
drwxr-xr-x. 8 root root 4096 Nov  2 21:25 .
drwxr-xr-x. 6 root root 4096 Nov  2 21:09 ..
drwxr-xr-x. 2 root root 4096 Sep 21 13:01 bin
drwxr-xr-x. 2 root root 4096 Nov  3 14:35 conf
drwxr-xr-x. 3 root root 4096 Sep 15 17:00 include
drwxr-xr-x. 4 root root 4096 Sep 21 13:06 lib
-rw-r--r--. 1 root root    0 Nov  3 14:35 lock
drwxr-xr-x. 2 root root 4096 Sep 21 14:20 scripts
drwxr-xr-x. 2 root root 4096 Nov  3 14:35 stats

-------------------------------------------------------------------------------------------------------


---------------------------------------- 10.142.128.91 ----------------------------------------------------------

**********************WARNING********************************
            This is a restricted server.
  Unauthorized access to this system is strictly prohibited.
If you do not have proper authorization, log out immediately.
*************************************************************

Fri Nov  3 14:38:36 CDT 2017
sla-p-na006-vyos.dal09.sdad.sl.ibm.com
* * * * * /sasg/bin/start_tlsmon.sh &>/dev/null
*/5 * * * * /sasg/MRTG/scripts/generic.pl >/dev/null 2>/dev/null

This is perl 5, version 16, subversion 3 (v5.16.3) built for x86_64-linux-thread-multi
total 32
drwxr-xr-x. 8 root root 4096 Nov  2 21:10 .
drwxr-xr-x. 6 root root 4096 Nov  2 21:09 ..
drwxr-xr-x. 2 root root 4096 Sep 21 13:01 bin
drwxr-xr-x. 2 root root 4096 Nov  3 14:35 conf
drwxr-xr-x. 3 root root 4096 Sep 15 17:00 include
drwxr-xr-x. 4 root root 4096 Sep 21 13:06 lib
-rw-r--r--. 1 root root    0 Nov  3 14:35 lock
drwxr-xr-x. 2 root root 4096 Sep 21 14:20 scripts
drwxr-xr-x. 2 root root 4096 Nov  3 14:35 stats

-------------------------------------------------------------------------------------------------------


---------------------------------------- 10.28.113.23 ----------------------------------------------------------

**********************WARNING********************************
            This is a restricted server.
  Unauthorized access to this system is strictly prohibited.
If you do not have proper authorization, log out immediately.
*************************************************************
 
Fri Nov  3 14:38:36 CDT 2017
aas-p-b001-vyos1-sea01.sdad.ibm.com
* * * * * /sasg/bin/start_tlsmon.sh &>/dev/null
*/5 * * * * /sasg/MRTG/scripts/generic.pl >/dev/null 2>/dev/null

This is perl 5, version 16, subversion 3 (v5.16.3) built for x86_64-linux-thread-multi
total 32
drwxr-xr-x. 8 root root 4096 Oct 29 18:32 .
drwxr-xr-x. 6 root root 4096 Nov  2 21:09 ..
drwxr-xr-x. 2 root root 4096 Sep 21 13:01 bin
drwxr-xr-x. 2 root root 4096 Nov  3 14:35 conf
drwxr-xr-x. 3 root root 4096 Sep 15 17:00 include
drwxr-xr-x. 4 root root 4096 Sep 21 13:06 lib
-rw-r--r--. 1 root root    0 Nov  3 14:35 lock
drwxr-xr-x. 2 root root 4096 Sep 21 14:20 scripts
drwxr-xr-x. 2 root root 4096 Nov  3 14:35 stats

-------------------------------------------------------------------------------------------------------

