
---------------------------------------- 10.142.128.81 ----------------------------------------------------------

**********************WARNING********************************
            This is a restricted server.
  Unauthorized access to this system is strictly prohibited.
If you do not have proper authorization, log out immediately.
*************************************************************


current root crontab, keeping any existing entries & just replacing keepalived and mrtg entries...

-------------------------------------------------------------------------------------------------------


---------------------------------------- 10.70.150.214 ----------------------------------------------------------

**********************WARNING********************************
            This is a restricted server.
  Unauthorized access to this system is strictly prohibited.
If you do not have proper authorization, log out immediately.
*************************************************************
 

current root crontab, keeping any existing entries & just replacing keepalived and mrtg entries...

-------------------------------------------------------------------------------------------------------


---------------------------------------- 10.113.45.206 ----------------------------------------------------------

**********************WARNING********************************
            This is a restricted server.
  Unauthorized access to this system is strictly prohibited.
If you do not have proper authorization, log out immediately.
*************************************************************


current root crontab, keeping any existing entries & just replacing keepalived and mrtg entries...

-------------------------------------------------------------------------------------------------------


---------------------------------------- 10.142.128.66 ----------------------------------------------------------

**********************WARNING********************************
            This is a restricted server.
  Unauthorized access to this system is strictly prohibited.
If you do not have proper authorization, log out immediately.
*************************************************************


current root crontab, keeping any existing entries & just replacing keepalived and mrtg entries...

-------------------------------------------------------------------------------------------------------


---------------------------------------- 10.164.129.216 ----------------------------------------------------------

**********************WARNING********************************
            This is a restricted server.
  Unauthorized access to this system is strictly prohibited.
If you do not have proper authorization, log out immediately.
*************************************************************
 

current root crontab, keeping any existing entries & just replacing keepalived and mrtg entries...

-------------------------------------------------------------------------------------------------------


---------------------------------------- 10.113.45.196 ----------------------------------------------------------

**********************WARNING********************************
            This is a restricted server.
  Unauthorized access to this system is strictly prohibited.
If you do not have proper authorization, log out immediately.
*************************************************************
 

current root crontab, keeping any existing entries & just replacing keepalived and mrtg entries...

-------------------------------------------------------------------------------------------------------


---------------------------------------- 10.121.41.87 ----------------------------------------------------------

**********************WARNING********************************
            This is a restricted server.
  Unauthorized access to this system is strictly prohibited.
If you do not have proper authorization, log out immediately.
*************************************************************


current root crontab, keeping any existing entries & just replacing keepalived and mrtg entries...

-------------------------------------------------------------------------------------------------------


---------------------------------------- 10.99.94.43 ----------------------------------------------------------

**********************WARNING********************************
            This is a restricted server.
  Unauthorized access to this system is strictly prohibited.
If you do not have proper authorization, log out immediately.
*************************************************************


current root crontab, keeping any existing entries & just replacing keepalived and mrtg entries...

-------------------------------------------------------------------------------------------------------


---------------------------------------- 10.121.41.115 ----------------------------------------------------------

**********************WARNING********************************
            This is a restricted server.
  Unauthorized access to this system is strictly prohibited.
If you do not have proper authorization, log out immediately.
*************************************************************


current root crontab, keeping any existing entries & just replacing keepalived and mrtg entries...

-------------------------------------------------------------------------------------------------------


---------------------------------------- 10.155.93.192 ----------------------------------------------------------

**********************WARNING********************************
            This is a restricted server.
  Unauthorized access to this system is strictly prohibited.
If you do not have proper authorization, log out immediately.
*************************************************************


current root crontab, keeping any existing entries & just replacing keepalived and mrtg entries...

-------------------------------------------------------------------------------------------------------


---------------------------------------- 10.142.128.110 ----------------------------------------------------------

**********************WARNING********************************
            This is a restricted server.
  Unauthorized access to this system is strictly prohibited.
If you do not have proper authorization, log out immediately.
*************************************************************


current root crontab, keeping any existing entries & just replacing keepalived and mrtg entries...

-------------------------------------------------------------------------------------------------------


---------------------------------------- 10.142.128.126 ----------------------------------------------------------

**********************WARNING********************************
            This is a restricted server.
  Unauthorized access to this system is strictly prohibited.
If you do not have proper authorization, log out immediately.
*************************************************************


current root crontab, keeping any existing entries & just replacing keepalived and mrtg entries...

-------------------------------------------------------------------------------------------------------


---------------------------------------- 10.164.129.243 ----------------------------------------------------------

**********************WARNING********************************
            This is a restricted server.
  Unauthorized access to this system is strictly prohibited.
If you do not have proper authorization, log out immediately.
*************************************************************
 

current root crontab, keeping any existing entries & just replacing keepalived and mrtg entries...

-------------------------------------------------------------------------------------------------------


---------------------------------------- 10.113.6.200 ----------------------------------------------------------

**********************WARNING********************************
            This is a restricted server.
  Unauthorized access to this system is strictly prohibited.
If you do not have proper authorization, log out immediately.
*************************************************************
 

current root crontab, keeping any existing entries & just replacing keepalived and mrtg entries...

-------------------------------------------------------------------------------------------------------


---------------------------------------- 10.70.150.235 ----------------------------------------------------------

**********************WARNING********************************
            This is a restricted server.
  Unauthorized access to this system is strictly prohibited.
If you do not have proper authorization, log out immediately.
*************************************************************
 

current root crontab, keeping any existing entries & just replacing keepalived and mrtg entries...

-------------------------------------------------------------------------------------------------------


---------------------------------------- 10.113.45.234 ----------------------------------------------------------

**********************WARNING********************************
            This is a restricted server.
  Unauthorized access to this system is strictly prohibited.
If you do not have proper authorization, log out immediately.
*************************************************************
 

current root crontab, keeping any existing entries & just replacing keepalived and mrtg entries...

-------------------------------------------------------------------------------------------------------


---------------------------------------- 10.164.129.228 ----------------------------------------------------------

**********************WARNING********************************
            This is a restricted server.
  Unauthorized access to this system is strictly prohibited.
If you do not have proper authorization, log out immediately.
*************************************************************
 

current root crontab, keeping any existing entries & just replacing keepalived and mrtg entries...

-------------------------------------------------------------------------------------------------------


---------------------------------------- 10.142.128.124 ----------------------------------------------------------

**********************WARNING********************************
            This is a restricted server.
  Unauthorized access to this system is strictly prohibited.
If you do not have proper authorization, log out immediately.
*************************************************************


current root crontab, keeping any existing entries & just replacing keepalived and mrtg entries...

-------------------------------------------------------------------------------------------------------


---------------------------------------- 10.117.181.145 ----------------------------------------------------------

**********************WARNING********************************
            This is a restricted server.
  Unauthorized access to this system is strictly prohibited.
If you do not have proper authorization, log out immediately.
*************************************************************


current root crontab, keeping any existing entries & just replacing keepalived and mrtg entries...

-------------------------------------------------------------------------------------------------------


---------------------------------------- 10.164.129.207 ----------------------------------------------------------

**********************WARNING********************************
            This is a restricted server.
  Unauthorized access to this system is strictly prohibited.
If you do not have proper authorization, log out immediately.
*************************************************************


current root crontab, keeping any existing entries & just replacing keepalived and mrtg entries...

-------------------------------------------------------------------------------------------------------


---------------------------------------- 10.155.93.168 ----------------------------------------------------------

**********************WARNING********************************
            This is a restricted server.
  Unauthorized access to this system is strictly prohibited.
If you do not have proper authorization, log out immediately.
*************************************************************


current root crontab, keeping any existing entries & just replacing keepalived and mrtg entries...

-------------------------------------------------------------------------------------------------------


---------------------------------------- 10.117.181.144 ----------------------------------------------------------

**********************WARNING********************************
            This is a restricted server.
  Unauthorized access to this system is strictly prohibited.
If you do not have proper authorization, log out immediately.
*************************************************************


current root crontab, keeping any existing entries & just replacing keepalived and mrtg entries...

-------------------------------------------------------------------------------------------------------


---------------------------------------- 10.178.78.236 ----------------------------------------------------------

**********************WARNING********************************
            This is a restricted server.
  Unauthorized access to this system is strictly prohibited.
If you do not have proper authorization, log out immediately.
*************************************************************


current root crontab, keeping any existing entries & just replacing keepalived and mrtg entries...

-------------------------------------------------------------------------------------------------------


---------------------------------------- 10.155.93.197 ----------------------------------------------------------

**********************WARNING********************************
            This is a restricted server.
  Unauthorized access to this system is strictly prohibited.
If you do not have proper authorization, log out immediately.
*************************************************************


current root crontab, keeping any existing entries & just replacing keepalived and mrtg entries...

-------------------------------------------------------------------------------------------------------


---------------------------------------- 10.142.128.83 ----------------------------------------------------------

**********************WARNING********************************
            This is a restricted server.
  Unauthorized access to this system is strictly prohibited.
If you do not have proper authorization, log out immediately.
*************************************************************


current root crontab, keeping any existing entries & just replacing keepalived and mrtg entries...

-------------------------------------------------------------------------------------------------------


---------------------------------------- 10.70.150.194 ----------------------------------------------------------

**********************WARNING********************************
            This is a restricted server.
  Unauthorized access to this system is strictly prohibited.
If you do not have proper authorization, log out immediately.
*************************************************************


current root crontab, keeping any existing entries & just replacing keepalived and mrtg entries...

-------------------------------------------------------------------------------------------------------


---------------------------------------- 10.142.128.72 ----------------------------------------------------------

**********************WARNING********************************
            This is a restricted server.
  Unauthorized access to this system is strictly prohibited.
If you do not have proper authorization, log out immediately.
*************************************************************


current root crontab, keeping any existing entries & just replacing keepalived and mrtg entries...
bash: line 19: /tmp/root.cron: Permission denied
bash: line 26: /tmp/root.cron: Permission denied

-------------------------------------------------------------------------------------------------------


---------------------------------------- 10.113.45.213 ----------------------------------------------------------

**********************WARNING********************************
            This is a restricted server.
  Unauthorized access to this system is strictly prohibited.
If you do not have proper authorization, log out immediately.
*************************************************************


current root crontab, keeping any existing entries & just replacing keepalived and mrtg entries...
bash: line 19: /tmp/root.cron: Permission denied
bash: line 26: /tmp/root.cron: Permission denied

-------------------------------------------------------------------------------------------------------


---------------------------------------- 10.121.41.92 ----------------------------------------------------------

**********************WARNING********************************
            This is a restricted server.
  Unauthorized access to this system is strictly prohibited.
If you do not have proper authorization, log out immediately.
*************************************************************


current root crontab, keeping any existing entries & just replacing keepalived and mrtg entries...

-------------------------------------------------------------------------------------------------------


---------------------------------------- 10.99.94.113 ----------------------------------------------------------

**********************WARNING********************************
            This is a restricted server.
  Unauthorized access to this system is strictly prohibited.
If you do not have proper authorization, log out immediately.
*************************************************************


current root crontab, keeping any existing entries & just replacing keepalived and mrtg entries...

-------------------------------------------------------------------------------------------------------


---------------------------------------- 10.155.93.235 ----------------------------------------------------------

**********************WARNING********************************
            This is a restricted server.
  Unauthorized access to this system is strictly prohibited.
If you do not have proper authorization, log out immediately.
*************************************************************


current root crontab, keeping any existing entries & just replacing keepalived and mrtg entries...

-------------------------------------------------------------------------------------------------------


---------------------------------------- 10.164.129.195 ----------------------------------------------------------

**********************WARNING********************************
            This is a restricted server.
  Unauthorized access to this system is strictly prohibited.
If you do not have proper authorization, log out immediately.
*************************************************************


current root crontab, keeping any existing entries & just replacing keepalived and mrtg entries...

-------------------------------------------------------------------------------------------------------


---------------------------------------- 10.113.45.252 ----------------------------------------------------------

**********************WARNING********************************
            This is a restricted server.
  Unauthorized access to this system is strictly prohibited.
If you do not have proper authorization, log out immediately.
*************************************************************
 

current root crontab, keeping any existing entries & just replacing keepalived and mrtg entries...
bash: line 19: /tmp/root.cron: Permission denied
bash: line 26: /tmp/root.cron: Permission denied

-------------------------------------------------------------------------------------------------------


---------------------------------------- 10.142.128.91 ----------------------------------------------------------

**********************WARNING********************************
            This is a restricted server.
  Unauthorized access to this system is strictly prohibited.
If you do not have proper authorization, log out immediately.
*************************************************************


current root crontab, keeping any existing entries & just replacing keepalived and mrtg entries...

-------------------------------------------------------------------------------------------------------


---------------------------------------- 10.28.113.23 ----------------------------------------------------------

**********************WARNING********************************
            This is a restricted server.
  Unauthorized access to this system is strictly prohibited.
If you do not have proper authorization, log out immediately.
*************************************************************
 

current root crontab, keeping any existing entries & just replacing keepalived and mrtg entries...
bash: line 19: /tmp/root.cron: Permission denied
bash: line 26: /tmp/root.cron: Permission denied

-------------------------------------------------------------------------------------------------------

