
---------------------------------------- 10.115.41.251 ----------------------------------------------------------

sla-p-ca006-bpm-tor01.sdad.sl.ibm.com
-rw-r--r--. 1 root root 2218 May 11  2018 /etc/sysconfig/ipset

-------------------------------------------------------------------------------------------------------


---------------------------------------- 10.115.41.227 ----------------------------------------------------------

sla-p-ca006-chef-tor01.sdad.sl.ibm.com
-rw-r--r--. 1 root root 2218 May 11  2018 /etc/sysconfig/ipset

-------------------------------------------------------------------------------------------------------


---------------------------------------- 10.115.41.229 ----------------------------------------------------------

sla-p-ca006-ee-tor01.sdad.sl.ibm.com
-rw-r--r--. 1 root root 2218 May 11  2018 /etc/sysconfig/ipset

-------------------------------------------------------------------------------------------------------


---------------------------------------- 10.115.41.230 ----------------------------------------------------------

sla-p-ca006-rcp-bpm-tor01.sdad.sl.ibm.com
-rw-r-----. 1 root root 2218 Nov 16 14:55 /etc/sysconfig/ipset

-------------------------------------------------------------------------------------------------------


---------------------------------------- 10.115.41.231 ----------------------------------------------------------

sla-p-ca006-rcp-ror-tor01.sdad.sl.ibm.com
-rw-r--r--. 1 root root 0 Jul 20 14:54 /etc/sysconfig/ipset

-------------------------------------------------------------------------------------------------------


---------------------------------------- 10.115.41.245 ----------------------------------------------------------

****************************************************************
                This is a restricted server.                    
    Unauthorized access to this system is strictly prohibited.  
   If you do not have proper authorization, log out immediately.
****************************************************************
sla-p-ca006-vyos-tor01.sdad.sl.ibm.com
-rw-r--r--. 1 root root 3807 Jul 12 18:43 /etc/sysconfig/ipset

-------------------------------------------------------------------------------------------------------


---------------------------------------- 10.115.41.246 ----------------------------------------------------------

sla-p-ca007-bpm-tor01.sdad.sl.ibm.com
-rw-r--r--. 1 root root 2256 Jul 18 14:33 /etc/sysconfig/ipset

-------------------------------------------------------------------------------------------------------


---------------------------------------- 10.115.41.213 ----------------------------------------------------------

sla-p-ca007-chef-tor01.sdad.sl.ibm.com
-rw-r--r--. 1 root root 2256 Jul 18 14:39 /etc/sysconfig/ipset

-------------------------------------------------------------------------------------------------------


---------------------------------------- 10.115.41.196 ----------------------------------------------------------

sla-p-ca007-ee-tor01.sdad.sl.ibm.com
-rw-r--r--. 1 root root 2256 Jul 18 12:49 /etc/sysconfig/ipset

-------------------------------------------------------------------------------------------------------


---------------------------------------- 10.115.41.199 ----------------------------------------------------------

ssh: connect to host 10.115.41.199 port 2222: Connection refused

ssh error to 10.115.41.199 on 2222, trying port 22 ...

ssh: connect to host 10.115.41.199 port 22: Connection refused

ERROR - 10.115.41.199 - ssh failed on both 2222 and port 22 .


-------------------------------------------------------------------------------------------------------


---------------------------------------- 10.115.41.250 ----------------------------------------------------------

sla-p-ca007-rcp-ror-tor01.sdad.sl.ibm.com
-rw-r--r--. 1 root root 0 Jul 20 16:13 /etc/sysconfig/ipset

-------------------------------------------------------------------------------------------------------


---------------------------------------- 10.115.41.253 ----------------------------------------------------------

****************************************************************
                This is a restricted server.                    
    Unauthorized access to this system is strictly prohibited.  
   If you do not have proper authorization, log out immediately.
****************************************************************
sla-p-ca007-vyos-tor01.sdad.sl.ibm.com
-rw-r--r--. 1 root root 3942 Jul 26 05:31 /etc/sysconfig/ipset

-------------------------------------------------------------------------------------------------------


---------------------------------------- 10.115.41.218 ----------------------------------------------------------

sla-p-ca008-bpm-tor01.sdad.sl.ibm.com
-rw-r--r--. 1 root root 2294 Jul 18 13:48 /etc/sysconfig/ipset

-------------------------------------------------------------------------------------------------------


---------------------------------------- 10.115.41.222 ----------------------------------------------------------

sla-p-ca008-chef-tor01.sdad.sl.ibm.com
-rw-r--r--. 1 root root 2256 Jul 18 14:23 /etc/sysconfig/ipset

-------------------------------------------------------------------------------------------------------


---------------------------------------- 10.115.41.240 ----------------------------------------------------------

sla-p-ca008-ee-tor01.sdad.sl.ibm.com
-rw-r--r--. 1 root root 2256 Jul 18 13:48 /etc/sysconfig/ipset

-------------------------------------------------------------------------------------------------------


---------------------------------------- 10.115.41.243 ----------------------------------------------------------

ssh: connect to host 10.115.41.243 port 2222: Connection refused

ssh error to 10.115.41.243 on 2222, trying port 22 ...

ssh: connect to host 10.115.41.243 port 22: Connection refused

ERROR - 10.115.41.243 - ssh failed on both 2222 and port 22 .


-------------------------------------------------------------------------------------------------------


---------------------------------------- 10.115.41.244 ----------------------------------------------------------

sla-p-ca008-rcp-ror-tor01.sdad.sl.ibm.com
-rw-r--r--. 1 root root 0 Jul 20 15:50 /etc/sysconfig/ipset

-------------------------------------------------------------------------------------------------------


---------------------------------------- 10.115.41.195 ----------------------------------------------------------

****************************************************************
                This is a restricted server.                    
    Unauthorized access to this system is strictly prohibited.  
   If you do not have proper authorization, log out immediately.
****************************************************************
sla-p-ca008-vyos-tor01.sdad.sl.ibm.com
-rw-r--r--. 1 root root 3943 Aug  1 09:45 /etc/sysconfig/ipset

-------------------------------------------------------------------------------------------------------


---------------------------------------- 10.129.104.247 ----------------------------------------------------------

ssh: connect to host 10.129.104.247 port 2222: Connection timed out

ssh error to 10.129.104.247 on 2222, trying port 22 ...

ssh: connect to host 10.129.104.247 port 22: Connection timed out

ERROR - 10.129.104.247 - ssh failed on both 2222 and port 22 .


-------------------------------------------------------------------------------------------------------


---------------------------------------- 10.129.104.254 ----------------------------------------------------------

@@@@@@@@@@@@@@@@@@@@@@@@@@@@@@@@@@@@@@@@@@@@@@@@@@@@@@@@@@@
@    WARNING: REMOTE HOST IDENTIFICATION HAS CHANGED!     @
@@@@@@@@@@@@@@@@@@@@@@@@@@@@@@@@@@@@@@@@@@@@@@@@@@@@@@@@@@@
IT IS POSSIBLE THAT SOMEONE IS DOING SOMETHING NASTY!
Someone could be eavesdropping on you right now (man-in-the-middle attack)!
It is also possible that a host key has just been changed.
The fingerprint for the ECDSA key sent by the remote host is
SHA256:bldnQqJfTK7dVvkBqaUAqCcq1cLHMyIMEa2BiynCOQQ.
Please contact your system administrator.
Add correct host key in /home/sasauto/.ssh/known_hosts to get rid of this message.
Offending ECDSA key in /home/sasauto/.ssh/known_hosts:1093
Password authentication is disabled to avoid man-in-the-middle attacks.
Keyboard-interactive authentication is disabled to avoid man-in-the-middle attacks.
sla-p-jp016-bpm-tok02.sdad.sl.ibm.com
-rw-r--r-- 1 root root 2335 Sep 28 04:47 /etc/sysconfig/ipset

-------------------------------------------------------------------------------------------------------


---------------------------------------- 10.129.104.252 ----------------------------------------------------------

@@@@@@@@@@@@@@@@@@@@@@@@@@@@@@@@@@@@@@@@@@@@@@@@@@@@@@@@@@@
@    WARNING: REMOTE HOST IDENTIFICATION HAS CHANGED!     @
@@@@@@@@@@@@@@@@@@@@@@@@@@@@@@@@@@@@@@@@@@@@@@@@@@@@@@@@@@@
IT IS POSSIBLE THAT SOMEONE IS DOING SOMETHING NASTY!
Someone could be eavesdropping on you right now (man-in-the-middle attack)!
It is also possible that a host key has just been changed.
The fingerprint for the ECDSA key sent by the remote host is
SHA256:BlLGhVNtOq2U3opf2u2s/ilP25dh6cZdOcgQ/h2+Mr8.
Please contact your system administrator.
Add correct host key in /home/sasauto/.ssh/known_hosts to get rid of this message.
Offending ECDSA key in /home/sasauto/.ssh/known_hosts:1390
Password authentication is disabled to avoid man-in-the-middle attacks.
Keyboard-interactive authentication is disabled to avoid man-in-the-middle attacks.
sla-p-jp016-chef-tok02.sdad.sl.ibm.com
-rw-r--r-- 1 root root 2335 Sep 28 05:03 /etc/sysconfig/ipset

-------------------------------------------------------------------------------------------------------


---------------------------------------- 10.129.104.139 ----------------------------------------------------------

@@@@@@@@@@@@@@@@@@@@@@@@@@@@@@@@@@@@@@@@@@@@@@@@@@@@@@@@@@@
@    WARNING: REMOTE HOST IDENTIFICATION HAS CHANGED!     @
@@@@@@@@@@@@@@@@@@@@@@@@@@@@@@@@@@@@@@@@@@@@@@@@@@@@@@@@@@@
IT IS POSSIBLE THAT SOMEONE IS DOING SOMETHING NASTY!
Someone could be eavesdropping on you right now (man-in-the-middle attack)!
It is also possible that a host key has just been changed.
The fingerprint for the ECDSA key sent by the remote host is
SHA256:UpfbZ+FV+RziPkmTMav8V70SNTd2yicrHV1EFqa8zmk.
Please contact your system administrator.
Add correct host key in /home/sasauto/.ssh/known_hosts to get rid of this message.
Offending ECDSA key in /home/sasauto/.ssh/known_hosts:223
Password authentication is disabled to avoid man-in-the-middle attacks.
Keyboard-interactive authentication is disabled to avoid man-in-the-middle attacks.
sla-p-jp016-ee-tok02.sdad.sl.ibm.com
-rw-r--r-- 1 root root 2335 Sep 28 05:07 /etc/sysconfig/ipset

-------------------------------------------------------------------------------------------------------


---------------------------------------- 10.129.104.146 ----------------------------------------------------------

ssh: connect to host 10.129.104.146 port 2222: Connection refused

ssh error to 10.129.104.146 on 2222, trying port 22 ...

sla-p-jp016-rcp-bpm-tok02.sdad.sl.ibm.com
-rw-r--r--. 1 root root 2335 Sep 28 04:55 /etc/sysconfig/ipset

-------------------------------------------------------------------------------------------------------


---------------------------------------- 10.129.104.149 ----------------------------------------------------------

@@@@@@@@@@@@@@@@@@@@@@@@@@@@@@@@@@@@@@@@@@@@@@@@@@@@@@@@@@@
@    WARNING: REMOTE HOST IDENTIFICATION HAS CHANGED!     @
@@@@@@@@@@@@@@@@@@@@@@@@@@@@@@@@@@@@@@@@@@@@@@@@@@@@@@@@@@@
IT IS POSSIBLE THAT SOMEONE IS DOING SOMETHING NASTY!
Someone could be eavesdropping on you right now (man-in-the-middle attack)!
It is also possible that a host key has just been changed.
The fingerprint for the ECDSA key sent by the remote host is
SHA256:5UCz5TEEF16e64FmrfMo9zsSvz+Q5AN4yczi53OwUpo.
Please contact your system administrator.
Add correct host key in /home/sasauto/.ssh/known_hosts to get rid of this message.
Offending ECDSA key in /home/sasauto/.ssh/known_hosts:1388
Password authentication is disabled to avoid man-in-the-middle attacks.
Keyboard-interactive authentication is disabled to avoid man-in-the-middle attacks.
sla-p-jp016-rcp-ror-tok02.sdad.sl.ibm.com
-rw-r--r--. 1 root root 2335 Sep 28 04:57 /etc/sysconfig/ipset

-------------------------------------------------------------------------------------------------------


---------------------------------------- 10.129.104.142 ----------------------------------------------------------

@@@@@@@@@@@@@@@@@@@@@@@@@@@@@@@@@@@@@@@@@@@@@@@@@@@@@@@@@@@
@    WARNING: REMOTE HOST IDENTIFICATION HAS CHANGED!     @
@@@@@@@@@@@@@@@@@@@@@@@@@@@@@@@@@@@@@@@@@@@@@@@@@@@@@@@@@@@
IT IS POSSIBLE THAT SOMEONE IS DOING SOMETHING NASTY!
Someone could be eavesdropping on you right now (man-in-the-middle attack)!
It is also possible that a host key has just been changed.
The fingerprint for the ECDSA key sent by the remote host is
SHA256:fMFL4w8YJ8KseUfqAauBmWWENJaQr3KkQPpfk5MrJDY.
Please contact your system administrator.
Add correct host key in /home/sasauto/.ssh/known_hosts to get rid of this message.
Offending ECDSA key in /home/sasauto/.ssh/known_hosts:1493
Password authentication is disabled to avoid man-in-the-middle attacks.
Keyboard-interactive authentication is disabled to avoid man-in-the-middle attacks.
**********************WARNING********************************
            This is a restricted server.
  Unauthorized access to this system is strictly prohibited.
If you do not have proper authorization, log out immediately.
*************************************************************
 
sla-p-jp016-vyos-tok02.sdad.sl.ibm.com
-rw-r--r--. 1 root root 5510 Oct 26 04:18 /etc/sysconfig/ipset

-------------------------------------------------------------------------------------------------------


---------------------------------------- 10.155.93.224 ----------------------------------------------------------

/home/sasauto/.ssh/sshd_cmd_logger.sh: line 171: printf: write error: No space left on device
/home/sasauto/.ssh/sshd_cmd_logger.sh: line 171: printf: write error: No space left on device
sla-p-na021-asb-dal09.sdad.sl.ibm.com
-rw-r--r--. 1 root root 2291 Jun  3 23:08 /etc/sysconfig/ipset

-------------------------------------------------------------------------------------------------------


---------------------------------------- 10.155.93.134 ----------------------------------------------------------

sla-p-na021-bpm-dal09.sdad.sl.ibm.com
-rw-r--r--. 1 root root 2291 Jun  3 23:11 /etc/sysconfig/ipset

-------------------------------------------------------------------------------------------------------


---------------------------------------- 10.155.93.200 ----------------------------------------------------------

sla-p-na021-chef-dal09.sdad.sl.ibm.com
-rw-r--r--. 1 root root 2291 Jun  3 23:14 /etc/sysconfig/ipset

-------------------------------------------------------------------------------------------------------


---------------------------------------- 10.155.93.189 ----------------------------------------------------------

sla-p-na021-ee-dal09.sdad.sl.ibm.com
-rw-r--r--. 1 root root 2291 Jun  3 23:12 /etc/sysconfig/ipset

-------------------------------------------------------------------------------------------------------


---------------------------------------- 10.121.100.76 ----------------------------------------------------------

ssh: connect to host 10.121.100.76 port 2222: Connection timed out

ssh error to 10.121.100.76 on 2222, trying port 22 ...

ssh: connect to host 10.121.100.76 port 22: Connection timed out

ERROR - 10.121.100.76 - ssh failed on both 2222 and port 22 .


-------------------------------------------------------------------------------------------------------


---------------------------------------- 10.121.100.76 ----------------------------------------------------------

ssh: connect to host 10.121.100.76 port 2222: Connection timed out

ssh error to 10.121.100.76 on 2222, trying port 22 ...

ssh: connect to host 10.121.100.76 port 22: Connection timed out

ERROR - 10.121.100.76 - ssh failed on both 2222 and port 22 .


-------------------------------------------------------------------------------------------------------


---------------------------------------- 10.121.100.27 ----------------------------------------------------------

ssh: connect to host 10.121.100.27 port 2222: Connection timed out

ssh error to 10.121.100.27 on 2222, trying port 22 ...

ssh: connect to host 10.121.100.27 port 22: Connection timed out

ERROR - 10.121.100.27 - ssh failed on both 2222 and port 22 .


-------------------------------------------------------------------------------------------------------


---------------------------------------- 10.121.100.27 ----------------------------------------------------------

ssh: connect to host 10.121.100.27 port 2222: Connection timed out

ssh error to 10.121.100.27 on 2222, trying port 22 ...

ssh: connect to host 10.121.100.27 port 22: Connection timed out

ERROR - 10.121.100.27 - ssh failed on both 2222 and port 22 .


-------------------------------------------------------------------------------------------------------


---------------------------------------- 10.155.93.166 ----------------------------------------------------------

**********************WARNING********************************
            This is a restricted server.
  Unauthorized access to this system is strictly prohibited.
If you do not have proper authorization, log out immediately.
*************************************************************
 
sla-p-na021-vyos-dal09.sdad.sl.ibm.com
-rw-r--r--. 1 root root 4324 Jun 14 16:12 /etc/sysconfig/ipset

-------------------------------------------------------------------------------------------------------


---------------------------------------- 10.68.223.200 ----------------------------------------------------------

sla-p-emea042-bpm-ams01.sdad.sl.ibm.com
-rw-r--r--. 1 root root 2253 Jul 18 14:41 /etc/sysconfig/ipset

-------------------------------------------------------------------------------------------------------


---------------------------------------- 10.68.223.208 ----------------------------------------------------------

sla-p-emea042-chef-ams01.sdad.sl.ibm.com
-rw-r--r--. 1 root root 2253 Jul 18 14:15 /etc/sysconfig/ipset

-------------------------------------------------------------------------------------------------------


---------------------------------------- 10.68.223.209 ----------------------------------------------------------

sla-p-emea042-ee-ams01.sdad.sl.ibm.com
-rw-r--r--. 1 root root 2253 Jul 18 12:37 /etc/sysconfig/ipset

-------------------------------------------------------------------------------------------------------


---------------------------------------- 10.68.223.210 ----------------------------------------------------------

sla-p-emea042-rcp-bpm-ams01.sdad.sl.ibm.com
-rw-r--r--. 1 root root 2253 Jul 18 14:29 /etc/sysconfig/ipset

-------------------------------------------------------------------------------------------------------


---------------------------------------- 10.68.223.215 ----------------------------------------------------------

sla-p-emea042-rcp-ror-ams01.sdad.sl.ibm.com
-rw-r--r--. 1 root root 2253 Jul 18 13:12 /etc/sysconfig/ipset

-------------------------------------------------------------------------------------------------------


---------------------------------------- 10.68.223.221 ----------------------------------------------------------

sla-p-emea052-bpm-ams01.sdad.sl.ibm.com
-rw-r-----. 1 root root 2253 Nov 16 12:58 /etc/sysconfig/ipset

-------------------------------------------------------------------------------------------------------


---------------------------------------- 10.105.2.153 ----------------------------------------------------------

sla-p-emea051-bpm-ams01.sdad.sl.ibm.com
-rw-r--r--. 1 root root 2247 Jul 18 12:37 /etc/sysconfig/ipset

-------------------------------------------------------------------------------------------------------


---------------------------------------- 10.105.2.158 ----------------------------------------------------------

sla-p-emea051-chef-ams01.sdad.sl.ibm.com
-rw-r--r--. 1 root root 2247 Jul 18 13:19 /etc/sysconfig/ipset

-------------------------------------------------------------------------------------------------------


---------------------------------------- 10.105.2.168 ----------------------------------------------------------

sla-p-emea051-ee-ams01.sdad.sl.ibm.com
-rw-r--r--. 1 root root 2247 Jul 18 13:41 /etc/sysconfig/ipset

-------------------------------------------------------------------------------------------------------


---------------------------------------- 10.105.2.231 ----------------------------------------------------------

ssh: connect to host 10.105.2.231 port 2222: Connection timed out

ssh error to 10.105.2.231 on 2222, trying port 22 ...

ssh: connect to host 10.105.2.231 port 22: Connection timed out

ERROR - 10.105.2.231 - ssh failed on both 2222 and port 22 .


-------------------------------------------------------------------------------------------------------


---------------------------------------- 10.105.2.233 ----------------------------------------------------------

Permission denied, please try again.
Permission denied, please try again.
Permission denied (publickey,gssapi-keyex,gssapi-with-mic,password).

ssh error to 10.105.2.233 on 2222, trying port 22 ...

ssh: connect to host 10.105.2.233 port 22: Connection refused

ERROR - 10.105.2.233 - ssh failed on both 2222 and port 22 .


-------------------------------------------------------------------------------------------------------


---------------------------------------- 10.105.2.203 ----------------------------------------------------------

****************************************************************
                This is a restricted server.                    
    Unauthorized access to this system is strictly prohibited.  
   If you do not have proper authorization, log out immediately.
****************************************************************

sla-p-emea051-vyos-ams01.sdad.sl.ibm.com
-rw-r--r--. 1 root root 4592 Oct 30 06:48 /etc/sysconfig/ipset

-------------------------------------------------------------------------------------------------------


---------------------------------------- 10.105.7.149 ----------------------------------------------------------

sla-p-emea079-bpm-ams01.sdad.sl.ibm.com
-rw-r--r--. 1 root root 2247 Aug 16 09:22 /etc/sysconfig/ipset

-------------------------------------------------------------------------------------------------------


---------------------------------------- 10.105.7.153 ----------------------------------------------------------

sla-p-emea079-chef-ams01.sdad.sl.ibm.com
-rw-r--r--. 1 root root 2247 Aug 16 09:26 /etc/sysconfig/ipset

-------------------------------------------------------------------------------------------------------


---------------------------------------- 10.105.7.154 ----------------------------------------------------------

sla-p-emea079-ee-ams01.sdad.sl.ibm.com
-rw-r--r--. 1 root root 2247 Aug 16 09:20 /etc/sysconfig/ipset

-------------------------------------------------------------------------------------------------------


---------------------------------------- 10.105.7.162 ----------------------------------------------------------

sla-p-emea079-rcp-bpm-ams01.sdad.sl.ibm.com
-rw-r--r--. 1 root root 2247 Aug 16 09:23 /etc/sysconfig/ipset

-------------------------------------------------------------------------------------------------------


---------------------------------------- 10.105.7.168 ----------------------------------------------------------

sla-p-emea079-rcp-ror-ams01.sdad.sl.ibm.com
-rw-r--r--. 1 root root 2247 Aug 16 09:25 /etc/sysconfig/ipset

-------------------------------------------------------------------------------------------------------


---------------------------------------- 10.105.7.170 ----------------------------------------------------------

****************************************************************
                This is a restricted server.                    
    Unauthorized access to this system is strictly prohibited.  
   If you do not have proper authorization, log out immediately.
****************************************************************

sla-p-emea079-vyos-ams01.sdad.sl.ibm.com
-rw-r--r--. 1 root root 4310 Aug 13 02:53 /etc/sysconfig/ipset

-------------------------------------------------------------------------------------------------------

