Port for service IPv6-NoExt is not defined
Port for service IGMP V3 Membership Report is not defined
Port for service IGMP Leave Group is not defined
Port for service IPv6-Opts is not defined
Port for service IGMP V2 Membership Report is not defined
Port for service IGMP Membership Query is not defined
Port for service Horizon 6 APJ13 Forwarded Web Traffic using IPsec without NAT is not defined
Port for service IPv6-NoExt is not defined
Port for service Horizon 6 APJ13 Forwarded Web Traffic using IPsec without NAT is not defined
Port for service IGMP Leave Group is not defined
Port for service IPv6-Opts is not defined
Port for service IGMP V2 Membership Report is not defined
Port for service IGMP Membership Query is not defined
Port for service IGMP V3 Membership Report is not defined
ip for VM vCLS-5eb8c3c5-ea31-4446-8108-09c7af2bd630 is not provided
ip for VM vCLS-c049b835-cc42-4219-acdd-1a601a415a62 is not provided
ip for VM vCLS-5f548919-754a-498a-b18e-a03dfe4b5b9b is not provided
ip for VM vCLS-89a756a9-2cca-4d91-a09d-6cd3d0ebcc27 is not provided
ip for VM vCLS-9d3eba9d-48d3-41a4-ba15-58340baf5fd6 is not provided
ip for VM vCLS-75668119-2f4d-4720-bc29-adb1072e3a04 is not provided
ip for VM vCLS-2fb9c873-2693-4701-b822-3a4abfe31dce is not provided
ip for VM vCLS-ac130539-9faa-4e8e-99cc-b8c6b4c4914c is not provided
ip for VM vCLS-2350c7bd-4bcf-4064-be0b-bcadc3b8996c is not provided
ip for VM ap1sftp01 is not provided
ip for VM VM 2016-test is not provided
ip for VM rhcos-4.6.8-x86_64-vmware.x86_64_new is not provided
ip for VM Windows 2019 Template is not provided
ip for VM rhcos-4.7.0-x86_64-vmware.x86_64 is not provided
ip for VM rhcos-vmware.x86_64 is not provided
ip for VM rhcos-4.7.7-x86_64-vmware.x86_64 is not provided
ip for VM ap1sr1wjmp02 is not provided
ip for VM ap1sppappliance is not provided
ip for VM ap1sr1sepm1 is not provided
ip for VM ap1Comp is not provided
ip for VM Ap1sr1wisotest is not provided
ip for VM ap1d107lpcacpr2 is not provided
Port for service IPv6-NoExt is not defined
Port for service IGMP V3 Membership Report is not defined
Port for service IGMP Leave Group is not defined
Port for service IPv6-Opts is not defined
Port for service IGMP V2 Membership Report is not defined
Port for service IGMP Membership Query is not defined
Port for service Horizon 6 APJ13 Forwarded Web Traffic using IPsec without NAT is not defined
Port for service IPv6-NoExt is not defined
Port for service Horizon 6 APJ13 Forwarded Web Traffic using IPsec without NAT is not defined
Port for service IGMP Leave Group is not defined
Port for service IPv6-Opts is not defined
Port for service IGMP V2 Membership Report is not defined
Port for service IGMP Membership Query is not defined
Port for service IGMP V3 Membership Report is not defined
ip for VM vCLS-5eb8c3c5-ea31-4446-8108-09c7af2bd630 is not provided
ip for VM vCLS-c049b835-cc42-4219-acdd-1a601a415a62 is not provided
ip for VM vCLS-5f548919-754a-498a-b18e-a03dfe4b5b9b is not provided
ip for VM vCLS-89a756a9-2cca-4d91-a09d-6cd3d0ebcc27 is not provided
ip for VM vCLS-9d3eba9d-48d3-41a4-ba15-58340baf5fd6 is not provided
ip for VM vCLS-75668119-2f4d-4720-bc29-adb1072e3a04 is not provided
ip for VM vCLS-2fb9c873-2693-4701-b822-3a4abfe31dce is not provided
ip for VM vCLS-ac130539-9faa-4e8e-99cc-b8c6b4c4914c is not provided
ip for VM vCLS-2350c7bd-4bcf-4064-be0b-bcadc3b8996c is not provided
ip for VM ap1sftp01 is not provided
ip for VM VM 2016-test is not provided
ip for VM rhcos-4.6.8-x86_64-vmware.x86_64_new is not provided
ip for VM Windows 2019 Template is not provided
ip for VM rhcos-4.7.0-x86_64-vmware.x86_64 is not provided
ip for VM rhcos-vmware.x86_64 is not provided
ip for VM rhcos-4.7.7-x86_64-vmware.x86_64 is not provided
ip for VM ap1sr1wjmp02 is not provided
ip for VM ap1sppappliance is not provided
ip for VM ap1sr1sepm1 is not provided
ip for VM ap1Comp is not provided
ip for VM Ap1sr1wisotest is not provided
ip for VM ap1d107lpcacpr2 is not provided
Port for service IPv6-NoExt is not defined
Port for service IGMP V3 Membership Report is not defined
Port for service IGMP Leave Group is not defined
Port for service IPv6-Opts is not defined
Port for service IGMP V2 Membership Report is not defined
Port for service IGMP Membership Query is not defined
Port for service Horizon 6 APJ13 Forwarded Web Traffic using IPsec without NAT is not defined
Port for service IPv6-NoExt is not defined
Port for service Horizon 6 APJ13 Forwarded Web Traffic using IPsec without NAT is not defined
Port for service IGMP Leave Group is not defined
Port for service IPv6-Opts is not defined
Port for service IGMP V2 Membership Report is not defined
Port for service IGMP Membership Query is not defined
Port for service IGMP V3 Membership Report is not defined
ip for VM vCLS-5eb8c3c5-ea31-4446-8108-09c7af2bd630 is not provided
ip for VM vCLS-c049b835-cc42-4219-acdd-1a601a415a62 is not provided
ip for VM vCLS-5f548919-754a-498a-b18e-a03dfe4b5b9b is not provided
ip for VM vCLS-89a756a9-2cca-4d91-a09d-6cd3d0ebcc27 is not provided
ip for VM vCLS-9d3eba9d-48d3-41a4-ba15-58340baf5fd6 is not provided
ip for VM vCLS-75668119-2f4d-4720-bc29-adb1072e3a04 is not provided
ip for VM vCLS-2fb9c873-2693-4701-b822-3a4abfe31dce is not provided
ip for VM vCLS-ac130539-9faa-4e8e-99cc-b8c6b4c4914c is not provided
ip for VM vCLS-2350c7bd-4bcf-4064-be0b-bcadc3b8996c is not provided
ip for VM ap1sftp01 is not provided
ip for VM VM 2016-test is not provided
ip for VM rhcos-4.6.8-x86_64-vmware.x86_64_new is not provided
ip for VM Windows 2019 Template is not provided
ip for VM rhcos-4.7.0-x86_64-vmware.x86_64 is not provided
ip for VM rhcos-vmware.x86_64 is not provided
ip for VM rhcos-4.7.7-x86_64-vmware.x86_64 is not provided
ip for VM ap1sr1wjmp02 is not provided
ip for VM ap1sppappliance is not provided
ip for VM ap1sr1sepm1 is not provided
ip for VM ap1Comp is not provided
ip for VM Ap1sr1wisotest is not provided
ip for VM ap1d107lpcacpr2 is not provided
Port for service IPv6-NoExt is not defined
Port for service IGMP V3 Membership Report is not defined
Port for service IGMP Leave Group is not defined
Port for service IPv6-Opts is not defined
Port for service IGMP V2 Membership Report is not defined
Port for service IGMP Membership Query is not defined
Port for service Horizon 6 APJ13 Forwarded Web Traffic using IPsec without NAT is not defined
Port for service IPv6-NoExt is not defined
Port for service Horizon 6 APJ13 Forwarded Web Traffic using IPsec without NAT is not defined
Port for service IGMP Leave Group is not defined
Port for service IPv6-Opts is not defined
Port for service IGMP V2 Membership Report is not defined
Port for service IGMP Membership Query is not defined
Port for service IGMP V3 Membership Report is not defined
ip for VM vCLS-5eb8c3c5-ea31-4446-8108-09c7af2bd630 is not provided
ip for VM vCLS-c049b835-cc42-4219-acdd-1a601a415a62 is not provided
ip for VM vCLS-5f548919-754a-498a-b18e-a03dfe4b5b9b is not provided
ip for VM vCLS-89a756a9-2cca-4d91-a09d-6cd3d0ebcc27 is not provided
ip for VM vCLS-9d3eba9d-48d3-41a4-ba15-58340baf5fd6 is not provided
ip for VM vCLS-75668119-2f4d-4720-bc29-adb1072e3a04 is not provided
ip for VM vCLS-2fb9c873-2693-4701-b822-3a4abfe31dce is not provided
ip for VM vCLS-ac130539-9faa-4e8e-99cc-b8c6b4c4914c is not provided
ip for VM vCLS-2350c7bd-4bcf-4064-be0b-bcadc3b8996c is not provided
ip for VM ap1sftp01 is not provided
ip for VM VM 2016-test is not provided
ip for VM rhcos-4.6.8-x86_64-vmware.x86_64_new is not provided
ip for VM Windows 2019 Template is not provided
ip for VM rhcos-4.7.0-x86_64-vmware.x86_64 is not provided
ip for VM rhcos-vmware.x86_64 is not provided
ip for VM rhcos-4.7.7-x86_64-vmware.x86_64 is not provided
ip for VM ap1sr1wjmp02 is not provided
ip for VM ap1sppappliance is not provided
ip for VM ap1sr1sepm1 is not provided
ip for VM ap1Comp is not provided
ip for VM Ap1sr1wisotest is not provided
ip for VM ap1d107lpcacpr2 is not provided
Port for service IPv6-NoExt is not defined
Port for service IGMP V3 Membership Report is not defined
Port for service IGMP Leave Group is not defined
Port for service IPv6-Opts is not defined
Port for service IGMP V2 Membership Report is not defined
Port for service IGMP Membership Query is not defined
Port for service Horizon 6 APJ13 Forwarded Web Traffic using IPsec without NAT is not defined
Port for service IPv6-NoExt is not defined
Port for service Horizon 6 APJ13 Forwarded Web Traffic using IPsec without NAT is not defined
Port for service IGMP Leave Group is not defined
Port for service IPv6-Opts is not defined
Port for service IGMP V2 Membership Report is not defined
Port for service IGMP Membership Query is not defined
Port for service IGMP V3 Membership Report is not defined
ip for VM vCLS-5eb8c3c5-ea31-4446-8108-09c7af2bd630 is not provided
ip for VM vCLS-c049b835-cc42-4219-acdd-1a601a415a62 is not provided
ip for VM vCLS-5f548919-754a-498a-b18e-a03dfe4b5b9b is not provided
ip for VM vCLS-89a756a9-2cca-4d91-a09d-6cd3d0ebcc27 is not provided
ip for VM vCLS-9d3eba9d-48d3-41a4-ba15-58340baf5fd6 is not provided
ip for VM vCLS-75668119-2f4d-4720-bc29-adb1072e3a04 is not provided
ip for VM vCLS-2fb9c873-2693-4701-b822-3a4abfe31dce is not provided
ip for VM vCLS-ac130539-9faa-4e8e-99cc-b8c6b4c4914c is not provided
ip for VM vCLS-2350c7bd-4bcf-4064-be0b-bcadc3b8996c is not provided
ip for VM ap1sftp01 is not provided
ip for VM VM 2016-test is not provided
ip for VM rhcos-4.6.8-x86_64-vmware.x86_64_new is not provided
ip for VM Windows 2019 Template is not provided
ip for VM rhcos-4.7.0-x86_64-vmware.x86_64 is not provided
ip for VM rhcos-vmware.x86_64 is not provided
ip for VM rhcos-4.7.7-x86_64-vmware.x86_64 is not provided
ip for VM ap1sr1wjmp02 is not provided
ip for VM ap1sppappliance is not provided
ip for VM ap1sr1sepm1 is not provided
ip for VM ap1Comp is not provided
ip for VM Ap1sr1wisotest is not provided
ip for VM ap1d107lpcacpr2 is not provided
Port for service IPv6-NoExt is not defined
Port for service IGMP V3 Membership Report is not defined
Port for service IGMP Leave Group is not defined
Port for service IPv6-Opts is not defined
Port for service IGMP V2 Membership Report is not defined
Port for service IGMP Membership Query is not defined
Port for service Horizon 6 APJ13 Forwarded Web Traffic using IPsec without NAT is not defined
Port for service IPv6-NoExt is not defined
Port for service Horizon 6 APJ13 Forwarded Web Traffic using IPsec without NAT is not defined
Port for service IGMP Leave Group is not defined
Port for service IPv6-Opts is not defined
Port for service IGMP V2 Membership Report is not defined
Port for service IGMP Membership Query is not defined
Port for service IGMP V3 Membership Report is not defined
ip for VM vCLS-5eb8c3c5-ea31-4446-8108-09c7af2bd630 is not provided
ip for VM vCLS-c049b835-cc42-4219-acdd-1a601a415a62 is not provided
ip for VM vCLS-5f548919-754a-498a-b18e-a03dfe4b5b9b is not provided
ip for VM vCLS-89a756a9-2cca-4d91-a09d-6cd3d0ebcc27 is not provided
ip for VM vCLS-9d3eba9d-48d3-41a4-ba15-58340baf5fd6 is not provided
ip for VM vCLS-75668119-2f4d-4720-bc29-adb1072e3a04 is not provided
ip for VM vCLS-2fb9c873-2693-4701-b822-3a4abfe31dce is not provided
ip for VM vCLS-ac130539-9faa-4e8e-99cc-b8c6b4c4914c is not provided
ip for VM vCLS-2350c7bd-4bcf-4064-be0b-bcadc3b8996c is not provided
ip for VM ap1sftp01 is not provided
ip for VM VM 2016-test is not provided
ip for VM rhcos-4.6.8-x86_64-vmware.x86_64_new is not provided
ip for VM Windows 2019 Template is not provided
ip for VM rhcos-4.7.0-x86_64-vmware.x86_64 is not provided
ip for VM rhcos-vmware.x86_64 is not provided
ip for VM rhcos-4.7.7-x86_64-vmware.x86_64 is not provided
ip for VM ap1sr1wjmp02 is not provided
ip for VM ap1sppappliance is not provided
ip for VM ap1sr1sepm1 is not provided
ip for VM ap1Comp is not provided
ip for VM Ap1sr1wisotest is not provided
ip for VM ap1d107lpcacpr2 is not provided
Port for service IPv6-NoExt is not defined
Port for service IGMP V3 Membership Report is not defined
Port for service IGMP Leave Group is not defined
Port for service IPv6-Opts is not defined
Port for service IGMP V2 Membership Report is not defined
Port for service IGMP Membership Query is not defined
Port for service Horizon 6 APJ13 Forwarded Web Traffic using IPsec without NAT is not defined
Port for service IPv6-NoExt is not defined
Port for service Horizon 6 APJ13 Forwarded Web Traffic using IPsec without NAT is not defined
Port for service IGMP Leave Group is not defined
Port for service IPv6-Opts is not defined
Port for service IGMP V2 Membership Report is not defined
Port for service IGMP Membership Query is not defined
Port for service IGMP V3 Membership Report is not defined
ip for VM vCLS-5eb8c3c5-ea31-4446-8108-09c7af2bd630 is not provided
ip for VM vCLS-c049b835-cc42-4219-acdd-1a601a415a62 is not provided
ip for VM vCLS-5f548919-754a-498a-b18e-a03dfe4b5b9b is not provided
ip for VM vCLS-89a756a9-2cca-4d91-a09d-6cd3d0ebcc27 is not provided
ip for VM vCLS-9d3eba9d-48d3-41a4-ba15-58340baf5fd6 is not provided
ip for VM vCLS-75668119-2f4d-4720-bc29-adb1072e3a04 is not provided
ip for VM vCLS-2fb9c873-2693-4701-b822-3a4abfe31dce is not provided
ip for VM vCLS-ac130539-9faa-4e8e-99cc-b8c6b4c4914c is not provided
ip for VM vCLS-2350c7bd-4bcf-4064-be0b-bcadc3b8996c is not provided
ip for VM ap1sftp01 is not provided
ip for VM VM 2016-test is not provided
ip for VM rhcos-4.6.8-x86_64-vmware.x86_64_new is not provided
ip for VM Windows 2019 Template is not provided
ip for VM rhcos-4.7.0-x86_64-vmware.x86_64 is not provided
ip for VM rhcos-vmware.x86_64 is not provided
ip for VM rhcos-4.7.7-x86_64-vmware.x86_64 is not provided
ip for VM ap1Comp is not provided
ip for VM Ap1sr1wisotest is not provided
Port for service IPv6-NoExt is not defined
Port for service IGMP V3 Membership Report is not defined
Port for service IGMP Leave Group is not defined
Port for service IPv6-Opts is not defined
Port for service IGMP V2 Membership Report is not defined
Port for service IGMP Membership Query is not defined
Port for service Horizon 6 APJ13 Forwarded Web Traffic using IPsec without NAT is not defined
Port for service IPv6-NoExt is not defined
Port for service Horizon 6 APJ13 Forwarded Web Traffic using IPsec without NAT is not defined
Port for service IGMP Leave Group is not defined
Port for service IPv6-Opts is not defined
Port for service IGMP V2 Membership Report is not defined
Port for service IGMP Membership Query is not defined
Port for service IGMP V3 Membership Report is not defined
ip for VM vCLS-5eb8c3c5-ea31-4446-8108-09c7af2bd630 is not provided
ip for VM vCLS-c049b835-cc42-4219-acdd-1a601a415a62 is not provided
ip for VM vCLS-5f548919-754a-498a-b18e-a03dfe4b5b9b is not provided
ip for VM vCLS-89a756a9-2cca-4d91-a09d-6cd3d0ebcc27 is not provided
ip for VM vCLS-9d3eba9d-48d3-41a4-ba15-58340baf5fd6 is not provided
ip for VM vCLS-75668119-2f4d-4720-bc29-adb1072e3a04 is not provided
ip for VM vCLS-2fb9c873-2693-4701-b822-3a4abfe31dce is not provided
ip for VM vCLS-ac130539-9faa-4e8e-99cc-b8c6b4c4914c is not provided
ip for VM vCLS-2350c7bd-4bcf-4064-be0b-bcadc3b8996c is not provided
ip for VM ap1sftp01 is not provided
ip for VM VM 2016-test is not provided
ip for VM rhcos-4.6.8-x86_64-vmware.x86_64_new is not provided
ip for VM Windows 2019 Template is not provided
ip for VM rhcos-4.7.0-x86_64-vmware.x86_64 is not provided
ip for VM rhcos-vmware.x86_64 is not provided
ip for VM rhcos-4.7.7-x86_64-vmware.x86_64 is not provided
ip for VM ap1Comp is not provided
ip for VM Ap1sr1wisotest is not provided
Port for service IPv6-NoExt is not defined
Port for service IGMP V3 Membership Report is not defined
Port for service IGMP Leave Group is not defined
Port for service IPv6-Opts is not defined
Port for service IGMP V2 Membership Report is not defined
Port for service IGMP Membership Query is not defined
Port for service Horizon 6 APJ13 Forwarded Web Traffic using IPsec without NAT is not defined
Port for service IPv6-NoExt is not defined
Port for service Horizon 6 APJ13 Forwarded Web Traffic using IPsec without NAT is not defined
Port for service IGMP Leave Group is not defined
Port for service IPv6-Opts is not defined
Port for service IGMP V2 Membership Report is not defined
Port for service IGMP Membership Query is not defined
Port for service IGMP V3 Membership Report is not defined
ip for VM vCLS-5eb8c3c5-ea31-4446-8108-09c7af2bd630 is not provided
ip for VM vCLS-c049b835-cc42-4219-acdd-1a601a415a62 is not provided
ip for VM vCLS-5f548919-754a-498a-b18e-a03dfe4b5b9b is not provided
ip for VM vCLS-89a756a9-2cca-4d91-a09d-6cd3d0ebcc27 is not provided
ip for VM vCLS-9d3eba9d-48d3-41a4-ba15-58340baf5fd6 is not provided
ip for VM vCLS-75668119-2f4d-4720-bc29-adb1072e3a04 is not provided
ip for VM vCLS-2fb9c873-2693-4701-b822-3a4abfe31dce is not provided
ip for VM vCLS-ac130539-9faa-4e8e-99cc-b8c6b4c4914c is not provided
ip for VM vCLS-2350c7bd-4bcf-4064-be0b-bcadc3b8996c is not provided
ip for VM ap1sftp01 is not provided
ip for VM VM 2016-test is not provided
ip for VM rhcos-4.6.8-x86_64-vmware.x86_64_new is not provided
ip for VM Windows 2019 Template is not provided
ip for VM rhcos-4.7.0-x86_64-vmware.x86_64 is not provided
ip for VM rhcos-vmware.x86_64 is not provided
ip for VM rhcos-4.7.7-x86_64-vmware.x86_64 is not provided
ip for VM ap1Comp is not provided
ip for VM Ap1sr1wisotest is not provided
Port for service IPv6-NoExt is not defined
Port for service IGMP V3 Membership Report is not defined
Port for service IGMP Leave Group is not defined
Port for service IPv6-Opts is not defined
Port for service IGMP V2 Membership Report is not defined
Port for service IGMP Membership Query is not defined
Port for service Horizon 6 APJ13 Forwarded Web Traffic using IPsec without NAT is not defined
Port for service IPv6-NoExt is not defined
Port for service Horizon 6 APJ13 Forwarded Web Traffic using IPsec without NAT is not defined
Port for service IGMP Leave Group is not defined
Port for service IPv6-Opts is not defined
Port for service IGMP V2 Membership Report is not defined
Port for service IGMP Membership Query is not defined
Port for service IGMP V3 Membership Report is not defined
ip for VM vCLS-5eb8c3c5-ea31-4446-8108-09c7af2bd630 is not provided
ip for VM vCLS-c049b835-cc42-4219-acdd-1a601a415a62 is not provided
ip for VM vCLS-5f548919-754a-498a-b18e-a03dfe4b5b9b is not provided
ip for VM vCLS-89a756a9-2cca-4d91-a09d-6cd3d0ebcc27 is not provided
ip for VM vCLS-9d3eba9d-48d3-41a4-ba15-58340baf5fd6 is not provided
ip for VM vCLS-75668119-2f4d-4720-bc29-adb1072e3a04 is not provided
ip for VM vCLS-2fb9c873-2693-4701-b822-3a4abfe31dce is not provided
ip for VM vCLS-ac130539-9faa-4e8e-99cc-b8c6b4c4914c is not provided
ip for VM vCLS-2350c7bd-4bcf-4064-be0b-bcadc3b8996c is not provided
ip for VM ap1sftp01 is not provided
ip for VM VM 2016-test is not provided
ip for VM rhcos-4.6.8-x86_64-vmware.x86_64_new is not provided
ip for VM Windows 2019 Template is not provided
ip for VM rhcos-4.7.0-x86_64-vmware.x86_64 is not provided
ip for VM rhcos-vmware.x86_64 is not provided
ip for VM rhcos-4.7.7-x86_64-vmware.x86_64 is not provided
ip for VM ap1Comp is not provided
ip for VM Ap1sr1wisotest is not provided
