
---------------------------------------- 10.121.41.100 ----------------------------------------------------------

**********************WARNING********************************
            This is a restricted server.
  Unauthorized access to this system is strictly prohibited.
If you do not have proper authorization, log out immediately.
*************************************************************

--2017-11-02 21:04:10--  http://10.148.11.169/downloads/sasgMRTG_rh7.tar.gz
Connecting to 10.148.11.169:80... connected.
HTTP request sent, awaiting response... 200 OK
Length: 2647568 (2.5M) [application/x-gzip]
Saving to: ‘/sasg/sasgMRTG_rh7.tar.gz’

     0K .......... .......... .......... .......... ..........  1%  832K 3s
    50K .......... .......... .......... .......... ..........  3% 1.64M 2s
   100K .......... .......... .......... .......... ..........  5% 66.1M 1s
   150K .......... .......... .......... .......... ..........  7%  119M 1s
   200K .......... .......... .......... .......... ..........  9% 1.67M 1s
   250K .......... .......... .......... .......... .......... 11%  100M 1s
   300K .......... .......... .......... .......... .......... 13%  115M 1s
   350K .......... .......... .......... .......... .......... 15%  101M 1s
   400K .......... .......... .......... .......... .......... 17% 1.70M 1s
   450K .......... .......... .......... .......... .......... 19%  202M 1s
   500K .......... .......... .......... .......... .......... 21%  105M 1s
   550K .......... .......... .......... .......... .......... 23%  119M 1s
   600K .......... .......... .......... .......... .......... 25%  103M 0s
   650K .......... .......... .......... .......... .......... 27%  111M 0s
   700K .......... .......... .......... .......... .......... 29%  130M 0s
   750K .......... .......... .......... .......... .......... 30% 97.8M 0s
   800K .......... .......... .......... .......... .......... 32%  108M 0s
   850K .......... .......... .......... .......... .......... 34% 1.82M 0s
   900K .......... .......... .......... .......... .......... 36%  121M 0s
   950K .......... .......... .......... .......... .......... 38%  122M 0s
  1000K .......... .......... .......... .......... .......... 40% 95.6M 0s
  1050K .......... .......... .......... .......... .......... 42%  101M 0s
  1100K .......... .......... .......... .......... .......... 44%  123M 0s
  1150K .......... .......... .......... .......... .......... 46% 98.3M 0s
  1200K .......... .......... .......... .......... .......... 48%  112M 0s
  1250K .......... .......... .......... .......... .......... 50%  110M 0s
  1300K .......... .......... .......... .......... .......... 52%  106M 0s
  1350K .......... .......... .......... .......... .......... 54%  108M 0s
  1400K .......... .......... .......... .......... .......... 56%  119M 0s
  1450K .......... .......... .......... .......... .......... 58% 95.2M 0s
  1500K .......... .......... .......... .......... .......... 59%  119M 0s
  1550K .......... .......... .......... .......... .......... 61%  114M 0s
  1600K .......... .......... .......... .......... .......... 63%  108M 0s
  1650K .......... .......... .......... .......... .......... 65% 2.11M 0s
  1700K .......... .......... .......... .......... .......... 67%  122M 0s
  1750K .......... .......... .......... .......... .......... 69% 99.3M 0s
  1800K .......... .......... .......... .......... .......... 71% 67.0M 0s
  1850K .......... .......... .......... .......... .......... 73%  111M 0s
  1900K .......... .......... .......... .......... .......... 75%  102M 0s
  1950K .......... .......... .......... .......... .......... 77%  126M 0s
  2000K .......... .......... .......... .......... .......... 79%  100M 0s
  2050K .......... .......... .......... .......... .......... 81%  114M 0s
  2100K .......... .......... .......... .......... .......... 83% 84.2M 0s
  2150K .......... .......... .......... .......... .......... 85%  151M 0s
  2200K .......... .......... .......... .......... .......... 87%  105M 0s
  2250K .......... .......... .......... .......... .......... 88%  116M 0s
  2300K .......... .......... .......... .......... .......... 90% 99.5M 0s
  2350K .......... .......... .......... .......... .......... 92%  117M 0s
  2400K .......... .......... .......... .......... .......... 94%  125M 0s
  2450K .......... .......... .......... .......... .......... 96% 96.7M 0s
  2500K .......... .......... .......... .......... .......... 98%  120M 0s
  2550K .......... .......... .......... .....                100%  102M=0.2s

2017-11-02 21:04:10 (11.5 MB/s) - ‘/sasg/sasgMRTG_rh7.tar.gz’ saved [2647568/2647568]

MRTG/bin/
MRTG/bin/bdftogd
MRTG/bin/gdparttopng
MRTG/bin/pngfix
MRTG/bin/libpng-config
MRTG/bin/webpng
MRTG/bin/png-fix-itxt
MRTG/bin/gdcmpgif
MRTG/bin/rateup
MRTG/bin/mrtg-traffic-sum
MRTG/bin/gd2copypal
MRTG/bin/libpng16-config
MRTG/bin/gd2topng
MRTG/bin/giftogd2
MRTG/bin/cfgmaker
MRTG/bin/gdlib-config
MRTG/bin/indexmaker
MRTG/bin/pngtogd2
MRTG/bin/gd2togif
MRTG/bin/mrtg
MRTG/bin/gdtopng
MRTG/bin/pngtogd
MRTG/include/
MRTG/include/gdfonts.h
MRTG/include/pnglibconf.h
MRTG/include/gdpp.h
MRTG/include/gdfontl.h
MRTG/include/zconf.h
MRTG/include/gd_color_map.h
MRTG/include/gdfontg.h
MRTG/include/libpng16/
MRTG/include/libpng16/pnglibconf.h
MRTG/include/libpng16/png.h
MRTG/include/libpng16/pngconf.h
MRTG/include/entities.h
MRTG/include/gdcache.h
MRTG/include/gdfx.h
MRTG/include/png.h
MRTG/include/gdfontt.h
MRTG/include/gd.h
MRTG/include/gdfontmb.h
MRTG/include/gd_io.h
MRTG/include/pngconf.h
MRTG/include/zlib.h
MRTG/include/gd_errors.h
MRTG/lib/
MRTG/lib/libz.so.1
MRTG/lib/libz.a
MRTG/lib/mrtg2/
MRTG/lib/mrtg2/Net_SNMP_util.pm
MRTG/lib/mrtg2/SNMP_util.pm
MRTG/lib/mrtg2/MRTG_lib.pm
MRTG/lib/mrtg2/locales_mrtg.pm
MRTG/lib/mrtg2/BER.pm
MRTG/lib/mrtg2/Pod/
MRTG/lib/mrtg2/Pod/InputObjects.pm
MRTG/lib/mrtg2/Pod/PlainText.pm
MRTG/lib/mrtg2/Pod/Parser.pm
MRTG/lib/mrtg2/Pod/Select.pm
MRTG/lib/mrtg2/Pod/Usage.pm
MRTG/lib/mrtg2/SNMP_Session.pm
MRTG/lib/libgd.so.2
MRTG/lib/libgd.so.3.0.5
MRTG/lib/libpng16.so.16.32.0
MRTG/lib/libpng.so
MRTG/lib/libgd.so
MRTG/lib/libgd.so.3
MRTG/lib/libpng16.so
MRTG/lib/ld-linux-x86-64.so.2
MRTG/lib/libc.so.6
MRTG/lib/libgd.a
MRTG/lib/libgd.la
MRTG/lib/libpng16.a
MRTG/lib/pkgconfig/
MRTG/lib/pkgconfig/gdlib.pc
MRTG/lib/pkgconfig/libpng16.pc
MRTG/lib/pkgconfig/zlib.pc
MRTG/lib/pkgconfig/libpng.pc
MRTG/lib/libpng16.la
MRTG/lib/libz.so
MRTG/lib/libpng.a
MRTG/lib/libpng.la
MRTG/lib/libm.so.6
MRTG/lib/libpng16.so.16
MRTG/lib/libz.so.1.2.11
MRTG/scripts/
MRTG/scripts/Cfg.pm
MRTG/scripts/test.pl
MRTG/scripts/Page.pm
MRTG/scripts/Fs.pm
MRTG/scripts/testtime.pl
MRTG/scripts/swap.pl
MRTG/scripts/netstat.pl
MRTG/scripts/vmstat.pl
MRTG/scripts/fs.pl
MRTG/scripts/cronalert.pl
MRTG/scripts/mem.pl
MRTG/scripts/network.pl
MRTG/scripts/openvpn.pl
MRTG/scripts/If.pm
MRTG/scripts/generic.pl
MRTG/scripts/load.pl
MRTG/scripts/threshmax.pl
MRTG/scripts/uptime.pl
MRTG/scripts/perccpu.pl
MRTG/scripts/page.pl
MRTG/scripts/netutil.pl
MRTG/scripts/mrtg.lock
MRTG/scripts/iptables.pl
MRTG/scripts/filesystem.pl
MRTG/scripts/fstotal.pl
MRTG/scripts/cron.pl
MRTG/scripts/Cell.pm
MRTG/scripts/Static.pm
MRTG/scripts/sconn.pl
MRTG/scripts/cpu.pl
total 24
drwx------. 6 root root 4096 Nov  2 21:04 .
drwxr-xr-x. 6 root root 4096 Nov  2 21:04 ..
drwxr-xr-x. 2 root root 4096 Sep 21 13:01 bin
drwxr-xr-x. 3 root root 4096 Sep 15 17:00 include
drwxr-xr-x. 4 root root 4096 Sep 21 13:06 lib
drwxr-xr-x. 2 root root 4096 Sep 21 14:20 scripts
Loaded plugins: product-id, search-disabled-repos, subscription-manager
Repo rhel-7-server-rpms forced skip_if_unavailable=True due to: /etc/rhsm/ca/katello-server-ca.pem
Repo rhel-7-server-rpms forced skip_if_unavailable=True due to: /etc/pki/entitlement/4530235102004432503-key.pem
You need to be root to perform this command.

current root crontab, keeping any existing entries & just replacing keepalived and mrtg entries...

-------------------------------------------------------------------------------------------------------

