Port for service IPv6-NoExt is not defined
Port for service IGMP V3 Membership Report is not defined
Port for service Horizon 6 APJ13 Forwarded Web Traffic using IPsec without NAT is not defined
Port for service IGMP Leave Group is not defined
Port for service IPv6-Opts is not defined
Port for service IGMP V2 Membership Report is not defined
Port for service IGMP Membership Query is not defined
Port for service IPv6-NoExt is not defined
Port for service Horizon 6 APJ13 Forwarded Web Traffic using IPsec without NAT is not defined
Port for service IGMP Leave Group is not defined
Port for service IPv6-Opts is not defined
Port for service IGMP V2 Membership Report is not defined
Port for service IGMP Membership Query is not defined
Port for service IGMP V3 Membership Report is not defined
ip for VM ap1d114lpnabbootstrap is not provided
ip for VM ap1d110lpbpibootstrap is not provided
ip for VM vCLS (27) is not provided
ip for VM vCLS (43) is not provided
ip for VM vCLS (24) is not provided
ip for VM vCLS (47) is not provided
ip for VM vCLS (32) is not provided
ip for VM vCLS (20) is not provided
ip for VM vCLS (37) is not provided
ip for VM vCLS (40) is not provided
ip for VM vCLS (52) is not provided
ip for VM vCLS (50) is not provided
ip for VM vCLS (49) is not provided
ip for VM vCLS (35) is not provided
ip for VM vCLS (38) is not provided
ip for VM vCLS (21) is not provided
ip for VM vCLS (30) is not provided
ip for VM VM 2016-test is not provided
ip for VM test VM is not provided
ip for VM Ap1sr1wisotest is not provided
ip for VM Windows 2019 Template is not provided
ip for VM ap1sr1wjmp02 is not provided
ip for VM ap1Comp is not provided
ip for VM ap1sr1sepm1 is not provided
ip for VM ap1d107lpcacpr2 is not provided
ip for VM ap1sr1lpta2base is not provided
ip for VM ap1srlpm1esdc1 is not provided
ip for VM ap1srlpm1esc1 is not provided
ip for VM ap1sr1apiamprsvg1 is not provided
ip for VM ap1srlpm1esdp1 is not provided
ip for VM ap1sr1apiamprsvg2 is not provided
Port for service IPv6-NoExt is not defined
Port for service IGMP V3 Membership Report is not defined
Port for service Horizon 6 APJ13 Forwarded Web Traffic using IPsec without NAT is not defined
Port for service IGMP Leave Group is not defined
Port for service IPv6-Opts is not defined
Port for service IGMP V2 Membership Report is not defined
Port for service IGMP Membership Query is not defined
Port for service IPv6-NoExt is not defined
Port for service Horizon 6 APJ13 Forwarded Web Traffic using IPsec without NAT is not defined
Port for service IGMP Leave Group is not defined
Port for service IPv6-Opts is not defined
Port for service IGMP V2 Membership Report is not defined
Port for service IGMP Membership Query is not defined
Port for service IGMP V3 Membership Report is not defined
Port for service IPv6-NoExt is not defined
Port for service IGMP V3 Membership Report is not defined
Port for service Horizon 6 APJ13 Forwarded Web Traffic using IPsec without NAT is not defined
Port for service IGMP Leave Group is not defined
Port for service IPv6-Opts is not defined
Port for service IGMP V2 Membership Report is not defined
Port for service IGMP Membership Query is not defined
Port for service IPv6-NoExt is not defined
Port for service Horizon 6 APJ13 Forwarded Web Traffic using IPsec without NAT is not defined
Port for service IGMP Leave Group is not defined
Port for service IPv6-Opts is not defined
Port for service IGMP V2 Membership Report is not defined
Port for service IGMP Membership Query is not defined
Port for service IGMP V3 Membership Report is not defined
ip for VM ap1d114lpnabbootstrap is not provided
ip for VM ap1d110lpbpibootstrap is not provided
ip for VM vCLS (27) is not provided
ip for VM vCLS (43) is not provided
ip for VM vCLS (24) is not provided
ip for VM vCLS (47) is not provided
ip for VM vCLS (32) is not provided
ip for VM vCLS (20) is not provided
ip for VM vCLS (37) is not provided
ip for VM vCLS (40) is not provided
ip for VM vCLS (52) is not provided
ip for VM vCLS (50) is not provided
ip for VM vCLS (49) is not provided
ip for VM vCLS (35) is not provided
ip for VM vCLS (38) is not provided
ip for VM vCLS (21) is not provided
ip for VM vCLS (30) is not provided
ip for VM VM 2016-test is not provided
ip for VM test VM is not provided
ip for VM Ap1sr1wisotest is not provided
ip for VM Windows 2019 Template is not provided
ip for VM ap1sr1wjmp02 is not provided
ip for VM ap1Comp is not provided
ip for VM ap1sr1sepm1 is not provided
ip for VM ap1d107lpcacpr2 is not provided
ip for VM ap1sr1lpta2base is not provided
ip for VM ap1srlpm1esdc1 is not provided
ip for VM ap1srlpm1esc1 is not provided
ip for VM ap1sr1apiamprsvg1 is not provided
ip for VM ap1srlpm1esdp1 is not provided
ip for VM ap1sr1apiamprsvg2 is not provided
Port for service IPv6-NoExt is not defined
Port for service IGMP V3 Membership Report is not defined
Port for service Horizon 6 APJ13 Forwarded Web Traffic using IPsec without NAT is not defined
Port for service IGMP Leave Group is not defined
Port for service IPv6-Opts is not defined
Port for service IGMP V2 Membership Report is not defined
Port for service IGMP Membership Query is not defined
Port for service IPv6-NoExt is not defined
Port for service Horizon 6 APJ13 Forwarded Web Traffic using IPsec without NAT is not defined
Port for service IGMP Leave Group is not defined
Port for service IPv6-Opts is not defined
Port for service IGMP V2 Membership Report is not defined
Port for service IGMP Membership Query is not defined
Port for service IGMP V3 Membership Report is not defined
